
############################################################
Evaluating: CLIP-ViT-B/32
############################################################
Loading CLIP base model: ViT-B/32

============================================================
Evaluating: Replace Object
============================================================
Loaded 1652 samples for replace_obj

Evaluating:   0%|          | 0/52 [00:00<?, ?it/s]
Evaluating:   2%|▏         | 1/52 [00:00<00:32,  1.55it/s]
Evaluating:   8%|▊         | 4/52 [00:00<00:07,  6.23it/s]
Evaluating:  13%|█▎        | 7/52 [00:00<00:04, 10.08it/s]
Evaluating:  19%|█▉        | 10/52 [00:01<00:03, 13.15it/s]
Evaluating:  25%|██▌       | 13/52 [00:01<00:02, 15.52it/s]
Evaluating:  31%|███       | 16/52 [00:01<00:02, 17.30it/s]
Evaluating:  37%|███▋      | 19/52 [00:01<00:01, 18.61it/s]
Evaluating:  42%|████▏     | 22/52 [00:01<00:01, 19.61it/s]
Evaluating:  48%|████▊     | 25/52 [00:01<00:01, 20.35it/s]
Evaluating:  54%|█████▍    | 28/52 [00:01<00:01, 20.87it/s]
Evaluating:  60%|█████▉    | 31/52 [00:02<00:00, 21.24it/s]
Evaluating:  65%|██████▌   | 34/52 [00:02<00:00, 21.52it/s]
Evaluating:  71%|███████   | 37/52 [00:02<00:00, 21.67it/s]
Evaluating:  77%|███████▋  | 40/52 [00:02<00:00, 21.74it/s]
Evaluating:  83%|████████▎ | 43/52 [00:02<00:00, 21.75it/s]
Evaluating:  88%|████████▊ | 46/52 [00:02<00:00, 21.91it/s]
Evaluating:  94%|█████████▍| 49/52 [00:02<00:00, 22.26it/s]
Evaluating: 100%|██████████| 52/52 [00:02<00:00, 23.32it/s]
                                                           
Replace Object: 90.80%

============================================================
Evaluating: Replace Attribute
============================================================
Loaded 788 samples for replace_att

Evaluating:   0%|          | 0/25 [00:00<?, ?it/s]
Evaluating:   4%|▍         | 1/25 [00:00<00:06,  3.46it/s]
Evaluating:  16%|█▌        | 4/25 [00:00<00:01, 10.92it/s]
Evaluating:  28%|██▊       | 7/25 [00:00<00:01, 15.00it/s]
Evaluating:  40%|████      | 10/25 [00:00<00:00, 17.36it/s]
Evaluating:  52%|█████▏    | 13/25 [00:00<00:00, 18.91it/s]
Evaluating:  64%|██████▍   | 16/25 [00:00<00:00, 19.94it/s]
Evaluating:  76%|███████▌  | 19/25 [00:01<00:00, 20.64it/s]
Evaluating:  88%|████████▊ | 22/25 [00:01<00:00, 21.28it/s]
Evaluating: 100%|██████████| 25/25 [00:01<00:00, 22.62it/s]
                                                           
Replace Attribute: 80.08%

============================================================
Evaluating: Replace Relation
============================================================
Loaded 1406 samples for replace_rel

Evaluating:   0%|          | 0/44 [00:00<?, ?it/s]
Evaluating:   2%|▏         | 1/44 [00:00<00:13,  3.30it/s]
Evaluating:   9%|▉         | 4/44 [00:00<00:03, 10.64it/s]
Evaluating:  16%|█▌        | 7/44 [00:00<00:02, 14.77it/s]
Evaluating:  23%|██▎       | 10/44 [00:00<00:01, 17.30it/s]
Evaluating:  30%|██▉       | 13/44 [00:00<00:01, 18.89it/s]
Evaluating:  36%|███▋      | 16/44 [00:00<00:01, 19.94it/s]
Evaluating:  43%|████▎     | 19/44 [00:01<00:01, 20.69it/s]
Evaluating:  50%|█████     | 22/44 [00:01<00:01, 21.11it/s]
Evaluating:  57%|█████▋    | 25/44 [00:01<00:00, 21.41it/s]
Evaluating:  64%|██████▎   | 28/44 [00:01<00:00, 21.67it/s]
Evaluating:  70%|███████   | 31/44 [00:01<00:00, 21.87it/s]
Evaluating:  77%|███████▋  | 34/44 [00:01<00:00, 21.99it/s]
Evaluating:  84%|████████▍ | 37/44 [00:01<00:00, 22.09it/s]
Evaluating:  91%|█████████ | 40/44 [00:02<00:00, 22.31it/s]
Evaluating:  98%|█████████▊| 43/44 [00:02<00:00, 22.63it/s]
                                                           
Replace Relation: 68.85%

============================================================
Evaluating: Add Object
============================================================
Loaded 2062 samples for add_obj

Evaluating:   0%|          | 0/65 [00:00<?, ?it/s]
Evaluating:   2%|▏         | 1/65 [00:00<00:19,  3.27it/s]
Evaluating:   6%|▌         | 4/65 [00:00<00:05, 10.55it/s]
Evaluating:  11%|█         | 7/65 [00:00<00:03, 14.69it/s]
Evaluating:  15%|█▌        | 10/65 [00:00<00:03, 16.97it/s]
Evaluating:  20%|██        | 13/65 [00:00<00:02, 18.61it/s]
Evaluating:  25%|██▍       | 16/65 [00:00<00:02, 19.70it/s]
Evaluating:  29%|██▉       | 19/65 [00:01<00:02, 20.49it/s]
Evaluating:  34%|███▍      | 22/65 [00:01<00:02, 20.99it/s]
Evaluating:  38%|███▊      | 25/65 [00:01<00:01, 21.37it/s]
Evaluating:  43%|████▎     | 28/65 [00:01<00:01, 21.60it/s]
Evaluating:  48%|████▊     | 31/65 [00:01<00:01, 21.80it/s]
Evaluating:  52%|█████▏    | 34/65 [00:01<00:01, 21.90it/s]
Evaluating:  57%|█████▋    | 37/65 [00:01<00:01, 21.99it/s]
Evaluating:  62%|██████▏   | 40/65 [00:02<00:01, 22.02it/s]
Evaluating:  66%|██████▌   | 43/65 [00:02<00:00, 22.13it/s]
Evaluating:  71%|███████   | 46/65 [00:02<00:00, 22.15it/s]
Evaluating:  75%|███████▌  | 49/65 [00:02<00:00, 22.14it/s]
Evaluating:  80%|████████  | 52/65 [00:02<00:00, 22.13it/s]
Evaluating:  85%|████████▍ | 55/65 [00:02<00:00, 22.15it/s]
Evaluating:  89%|████████▉ | 58/65 [00:02<00:00, 22.18it/s]
Evaluating:  94%|█████████▍| 61/65 [00:03<00:00, 22.28it/s]
Evaluating:  98%|█████████▊| 64/65 [00:03<00:00, 22.55it/s]
                                                           
Add Object: 76.87%

============================================================
Evaluating: Add Attribute
============================================================
Loaded 692 samples for add_att

Evaluating:   0%|          | 0/22 [00:00<?, ?it/s]
Evaluating:   5%|▍         | 1/22 [00:00<00:06,  3.04it/s]
Evaluating:  18%|█▊        | 4/22 [00:00<00:01, 10.12it/s]
Evaluating:  32%|███▏      | 7/22 [00:00<00:01, 14.26it/s]
Evaluating:  45%|████▌     | 10/22 [00:00<00:00, 16.90it/s]
Evaluating:  59%|█████▉    | 13/22 [00:00<00:00, 18.55it/s]
Evaluating:  73%|███████▎  | 16/22 [00:01<00:00, 19.69it/s]
Evaluating:  86%|████████▋ | 19/22 [00:01<00:00, 20.54it/s]
Evaluating: 100%|██████████| 22/22 [00:01<00:00, 22.12it/s]
                                                           
Add Attribute: 68.50%

============================================================
Evaluating: Swap Object
============================================================
Loaded 245 samples for swap_obj

Evaluating:   0%|          | 0/8 [00:00<?, ?it/s]
Evaluating:  12%|█▎        | 1/8 [00:00<00:02,  3.36it/s]
Evaluating:  50%|█████     | 4/8 [00:00<00:00, 10.74it/s]
Evaluating:  88%|████████▊ | 7/8 [00:00<00:00, 14.93it/s]
                                                         
Swap Object: 60.41%

============================================================
Evaluating: Swap Attribute
============================================================
Loaded 666 samples for swap_att

Evaluating:   0%|          | 0/21 [00:00<?, ?it/s]
Evaluating:   5%|▍         | 1/21 [00:00<00:05,  3.39it/s]
Evaluating:  19%|█▉        | 4/21 [00:00<00:01, 10.61it/s]
Evaluating:  33%|███▎      | 7/21 [00:00<00:00, 14.22it/s]
Evaluating:  43%|████▎     | 9/21 [00:00<00:01, 11.24it/s]
Evaluating:  52%|█████▏    | 11/21 [00:00<00:00, 12.34it/s]
Evaluating:  62%|██████▏   | 13/21 [00:01<00:00, 12.44it/s]
Evaluating:  76%|███████▌  | 16/21 [00:01<00:00, 15.13it/s]
Evaluating:  90%|█████████ | 19/21 [00:01<00:00, 17.10it/s]
                                                           
Swap Attribute: 63.36%

############################################################
Evaluating: CoN-CLIP-ViT-B/32
############################################################
Loading CLIP base model: ViT-B/32
Loading checkpoint from /home/pankaja/ENTC/Sem5/CoN-CLIP-Project/checkpoints/conclip_b32/ckpt_5_conclip_b32.pt

============================================================
Evaluating: Replace Object
============================================================
Loaded 1652 samples for replace_obj

Evaluating:   0%|          | 0/52 [00:00<?, ?it/s]
Evaluating:   2%|▏         | 1/52 [00:00<00:24,  2.09it/s]
Evaluating:   4%|▍         | 2/52 [00:00<00:13,  3.68it/s]
Evaluating:   6%|▌         | 3/52 [00:00<00:09,  4.92it/s]
Evaluating:   8%|▊         | 4/52 [00:00<00:08,  5.85it/s]
Evaluating:  10%|▉         | 5/52 [00:00<00:07,  6.51it/s]
Evaluating:  12%|█▏        | 6/52 [00:01<00:06,  6.98it/s]
Evaluating:  13%|█▎        | 7/52 [00:01<00:06,  7.32it/s]
Evaluating:  15%|█▌        | 8/52 [00:01<00:05,  7.60it/s]
Evaluating:  17%|█▋        | 9/52 [00:01<00:05,  7.75it/s]
Evaluating:  19%|█▉        | 10/52 [00:01<00:05,  7.83it/s]
Evaluating:  21%|██        | 11/52 [00:01<00:05,  7.90it/s]
Evaluating:  23%|██▎       | 12/52 [00:01<00:05,  7.98it/s]
Evaluating:  25%|██▌       | 13/52 [00:01<00:04,  8.02it/s]
Evaluating:  27%|██▋       | 14/52 [00:02<00:04,  8.05it/s]
Evaluating:  29%|██▉       | 15/52 [00:02<00:04,  8.08it/s]
Evaluating:  31%|███       | 16/52 [00:02<00:04,  8.10it/s]
Evaluating:  33%|███▎      | 17/52 [00:02<00:04,  8.13it/s]
Evaluating:  35%|███▍      | 18/52 [00:02<00:04,  8.12it/s]
Evaluating:  37%|███▋      | 19/52 [00:02<00:04,  8.11it/s]
Evaluating:  38%|███▊      | 20/52 [00:02<00:03,  8.11it/s]
Evaluating:  40%|████      | 21/52 [00:02<00:03,  8.11it/s]
Evaluating:  42%|████▏     | 22/52 [00:03<00:03,  8.11it/s]
Evaluating:  44%|████▍     | 23/52 [00:03<00:03,  8.13it/s]
Evaluating:  46%|████▌     | 24/52 [00:03<00:03,  8.14it/s]
Evaluating:  48%|████▊     | 25/52 [00:03<00:03,  8.16it/s]
Evaluating:  50%|█████     | 26/52 [00:03<00:03,  8.13it/s]
Evaluating:  52%|█████▏    | 27/52 [00:03<00:03,  8.11it/s]
Evaluating:  54%|█████▍    | 28/52 [00:03<00:02,  8.10it/s]
Evaluating:  56%|█████▌    | 29/52 [00:03<00:02,  8.10it/s]
Evaluating:  58%|█████▊    | 30/52 [00:04<00:02,  8.11it/s]
Evaluating:  60%|█████▉    | 31/52 [00:04<00:02,  8.12it/s]
Evaluating:  62%|██████▏   | 32/52 [00:04<00:02,  8.13it/s]
Evaluating:  63%|██████▎   | 33/52 [00:04<00:02,  8.13it/s]
Evaluating:  65%|██████▌   | 34/52 [00:04<00:02,  8.12it/s]
Evaluating:  67%|██████▋   | 35/52 [00:04<00:02,  8.11it/s]
Evaluating:  69%|██████▉   | 36/52 [00:04<00:01,  8.07it/s]
Evaluating:  71%|███████   | 37/52 [00:04<00:01,  8.08it/s]
Evaluating:  73%|███████▎  | 38/52 [00:05<00:01,  8.11it/s]
Evaluating:  75%|███████▌  | 39/52 [00:05<00:01,  8.11it/s]
Evaluating:  77%|███████▋  | 40/52 [00:05<00:01,  8.10it/s]
Evaluating:  79%|███████▉  | 41/52 [00:05<00:01,  8.11it/s]
Evaluating:  81%|████████  | 42/52 [00:05<00:01,  8.12it/s]
Evaluating:  83%|████████▎ | 43/52 [00:05<00:01,  8.10it/s]
Evaluating:  85%|████████▍ | 44/52 [00:05<00:00,  8.10it/s]
Evaluating:  87%|████████▋ | 45/52 [00:05<00:00,  8.10it/s]
Evaluating:  88%|████████▊ | 46/52 [00:06<00:00,  8.11it/s]
Evaluating:  90%|█████████ | 47/52 [00:06<00:00,  8.12it/s]
Evaluating:  92%|█████████▏| 48/52 [00:06<00:00,  8.04it/s]
Evaluating:  94%|█████████▍| 49/52 [00:06<00:00,  8.06it/s]
Evaluating:  96%|█████████▌| 50/52 [00:06<00:00,  8.12it/s]
Evaluating:  98%|█████████▊| 51/52 [00:06<00:00,  8.11it/s]
                                                           
Replace Object: 90.86%

============================================================
Evaluating: Replace Attribute
============================================================
Loaded 788 samples for replace_att

Evaluating:   0%|          | 0/25 [00:00<?, ?it/s]
Evaluating:   4%|▍         | 1/25 [00:00<00:11,  2.06it/s]
Evaluating:   8%|▊         | 2/25 [00:00<00:06,  3.51it/s]
Evaluating:  12%|█▏        | 3/25 [00:00<00:04,  4.61it/s]
Evaluating:  16%|█▌        | 4/25 [00:00<00:03,  5.54it/s]
Evaluating:  20%|██        | 5/25 [00:01<00:03,  6.24it/s]
Evaluating:  24%|██▍       | 6/25 [00:01<00:02,  6.72it/s]
Evaluating:  28%|██▊       | 7/25 [00:01<00:02,  7.06it/s]
Evaluating:  32%|███▏      | 8/25 [00:01<00:02,  7.29it/s]
Evaluating:  36%|███▌      | 9/25 [00:01<00:02,  7.45it/s]
Evaluating:  40%|████      | 10/25 [00:01<00:01,  7.59it/s]
Evaluating:  44%|████▍     | 11/25 [00:01<00:01,  7.73it/s]
Evaluating:  48%|████▊     | 12/25 [00:01<00:01,  7.82it/s]
Evaluating:  52%|█████▏    | 13/25 [00:02<00:01,  7.88it/s]
Evaluating:  56%|█████▌    | 14/25 [00:02<00:01,  7.90it/s]
Evaluating:  60%|██████    | 15/25 [00:02<00:01,  7.94it/s]
Evaluating:  64%|██████▍   | 16/25 [00:02<00:01,  7.93it/s]
Evaluating:  68%|██████▊   | 17/25 [00:02<00:01,  7.90it/s]
Evaluating:  72%|███████▏  | 18/25 [00:02<00:00,  7.95it/s]
Evaluating:  76%|███████▌  | 19/25 [00:02<00:00,  7.98it/s]
Evaluating:  80%|████████  | 20/25 [00:02<00:00,  7.97it/s]
Evaluating:  84%|████████▍ | 21/25 [00:03<00:00,  7.97it/s]
Evaluating:  88%|████████▊ | 22/25 [00:03<00:00,  8.01it/s]
Evaluating:  92%|█████████▏| 23/25 [00:03<00:00,  8.06it/s]
Evaluating:  96%|█████████▌| 24/25 [00:03<00:00,  8.08it/s]
                                                           
Replace Attribute: 81.47%

============================================================
Evaluating: Replace Relation
============================================================
Loaded 1406 samples for replace_rel

Evaluating:   0%|          | 0/44 [00:00<?, ?it/s]
Evaluating:   2%|▏         | 1/44 [00:00<00:19,  2.21it/s]
Evaluating:   5%|▍         | 2/44 [00:00<00:11,  3.75it/s]
Evaluating:   7%|▋         | 3/44 [00:00<00:08,  4.94it/s]
Evaluating:   9%|▉         | 4/44 [00:00<00:06,  5.81it/s]
Evaluating:  11%|█▏        | 5/44 [00:00<00:06,  6.41it/s]
Evaluating:  14%|█▎        | 6/44 [00:01<00:05,  6.83it/s]
Evaluating:  16%|█▌        | 7/44 [00:01<00:05,  7.14it/s]
Evaluating:  18%|█▊        | 8/44 [00:01<00:04,  7.37it/s]
Evaluating:  20%|██        | 9/44 [00:01<00:04,  7.53it/s]
Evaluating:  23%|██▎       | 10/44 [00:01<00:04,  7.64it/s]
Evaluating:  25%|██▌       | 11/44 [00:01<00:04,  7.72it/s]
Evaluating:  27%|██▋       | 12/44 [00:01<00:04,  7.79it/s]
Evaluating:  30%|██▉       | 13/44 [00:01<00:03,  7.86it/s]
Evaluating:  32%|███▏      | 14/44 [00:02<00:03,  7.84it/s]
Evaluating:  34%|███▍      | 15/44 [00:02<00:03,  7.86it/s]
Evaluating:  36%|███▋      | 16/44 [00:02<00:03,  7.90it/s]
Evaluating:  39%|███▊      | 17/44 [00:02<00:03,  7.92it/s]
Evaluating:  41%|████      | 18/44 [00:02<00:03,  7.93it/s]
Evaluating:  43%|████▎     | 19/44 [00:02<00:03,  7.92it/s]
Evaluating:  45%|████▌     | 20/44 [00:02<00:03,  7.87it/s]
Evaluating:  48%|████▊     | 21/44 [00:02<00:02,  7.81it/s]
Evaluating:  50%|█████     | 22/44 [00:03<00:02,  7.80it/s]
Evaluating:  52%|█████▏    | 23/44 [00:03<00:02,  7.82it/s]
Evaluating:  55%|█████▍    | 24/44 [00:03<00:02,  7.90it/s]
Evaluating:  57%|█████▋    | 25/44 [00:03<00:02,  7.95it/s]
Evaluating:  59%|█████▉    | 26/44 [00:03<00:02,  7.95it/s]
Evaluating:  61%|██████▏   | 27/44 [00:03<00:02,  7.95it/s]
Evaluating:  64%|██████▎   | 28/44 [00:03<00:02,  7.94it/s]
Evaluating:  66%|██████▌   | 29/44 [00:04<00:01,  7.89it/s]
Evaluating:  68%|██████▊   | 30/44 [00:04<00:01,  7.91it/s]
Evaluating:  70%|███████   | 31/44 [00:04<00:01,  7.97it/s]
Evaluating:  73%|███████▎  | 32/44 [00:04<00:01,  8.03it/s]
Evaluating:  75%|███████▌  | 33/44 [00:04<00:01,  8.02it/s]
Evaluating:  77%|███████▋  | 34/44 [00:04<00:01,  7.96it/s]
Evaluating:  80%|███████▉  | 35/44 [00:04<00:01,  7.87it/s]
Evaluating:  82%|████████▏ | 36/44 [00:04<00:01,  7.69it/s]
Evaluating:  84%|████████▍ | 37/44 [00:05<00:00,  7.66it/s]
Evaluating:  86%|████████▋ | 38/44 [00:05<00:00,  7.73it/s]
Evaluating:  89%|████████▊ | 39/44 [00:05<00:00,  7.82it/s]
Evaluating:  91%|█████████ | 40/44 [00:05<00:00,  7.88it/s]
Evaluating:  93%|█████████▎| 41/44 [00:05<00:00,  7.94it/s]
Evaluating:  95%|█████████▌| 42/44 [00:05<00:00,  7.99it/s]
Evaluating:  98%|█████████▊| 43/44 [00:05<00:00,  8.03it/s]
Evaluating: 100%|██████████| 44/44 [00:05<00:00,  8.13it/s]
                                                           
Replace Relation: 66.15%

============================================================
Evaluating: Add Object
============================================================
Loaded 2062 samples for add_obj

Evaluating:   0%|          | 0/65 [00:00<?, ?it/s]
Evaluating:   2%|▏         | 1/65 [00:00<00:36,  1.75it/s]
Evaluating:   3%|▎         | 2/65 [00:00<00:20,  3.14it/s]
Evaluating:   5%|▍         | 3/65 [00:00<00:14,  4.35it/s]
Evaluating:   6%|▌         | 4/65 [00:00<00:11,  5.31it/s]
Evaluating:   8%|▊         | 5/65 [00:01<00:09,  6.01it/s]
Evaluating:   9%|▉         | 6/65 [00:01<00:09,  6.51it/s]
Evaluating:  11%|█         | 7/65 [00:01<00:08,  6.83it/s]
Evaluating:  12%|█▏        | 8/65 [00:01<00:08,  6.88it/s]
Evaluating:  14%|█▍        | 9/65 [00:01<00:07,  7.15it/s]
Evaluating:  15%|█▌        | 10/65 [00:01<00:07,  7.43it/s]
Evaluating:  17%|█▋        | 11/65 [00:01<00:07,  7.62it/s]
Evaluating:  18%|█▊        | 12/65 [00:01<00:06,  7.75it/s]
Evaluating:  20%|██        | 13/65 [00:02<00:06,  7.84it/s]
Evaluating:  22%|██▏       | 14/65 [00:02<00:06,  7.98it/s]
Evaluating:  23%|██▎       | 15/65 [00:02<00:06,  7.96it/s]
Evaluating:  25%|██▍       | 16/65 [00:02<00:06,  7.95it/s]
Evaluating:  26%|██▌       | 17/65 [00:02<00:06,  7.94it/s]
Evaluating:  28%|██▊       | 18/65 [00:02<00:05,  7.98it/s]
Evaluating:  29%|██▉       | 19/65 [00:02<00:05,  8.02it/s]
Evaluating:  31%|███       | 20/65 [00:02<00:05,  8.03it/s]
Evaluating:  32%|███▏      | 21/65 [00:03<00:05,  8.03it/s]
Evaluating:  34%|███▍      | 22/65 [00:03<00:05,  8.05it/s]
Evaluating:  35%|███▌      | 23/65 [00:03<00:05,  8.06it/s]
Evaluating:  37%|███▋      | 24/65 [00:03<00:05,  8.04it/s]
Evaluating:  38%|███▊      | 25/65 [00:03<00:04,  8.02it/s]
Evaluating:  40%|████      | 26/65 [00:03<00:04,  8.00it/s]
Evaluating:  42%|████▏     | 27/65 [00:03<00:04,  8.02it/s]
Evaluating:  43%|████▎     | 28/65 [00:03<00:04,  8.02it/s]
Evaluating:  45%|████▍     | 29/65 [00:04<00:04,  8.00it/s]
Evaluating:  46%|████▌     | 30/65 [00:04<00:04,  8.02it/s]
Evaluating:  48%|████▊     | 31/65 [00:04<00:04,  8.01it/s]
Evaluating:  49%|████▉     | 32/65 [00:04<00:04,  8.00it/s]
Evaluating:  51%|█████     | 33/65 [00:04<00:04,  7.96it/s]
Evaluating:  52%|█████▏    | 34/65 [00:04<00:03,  7.89it/s]
Evaluating:  54%|█████▍    | 35/65 [00:04<00:03,  7.91it/s]
Evaluating:  55%|█████▌    | 36/65 [00:04<00:03,  7.92it/s]
Evaluating:  57%|█████▋    | 37/65 [00:05<00:03,  7.95it/s]
Evaluating:  58%|█████▊    | 38/65 [00:05<00:03,  7.98it/s]
Evaluating:  60%|██████    | 39/65 [00:05<00:03,  8.00it/s]
Evaluating:  62%|██████▏   | 40/65 [00:05<00:03,  8.01it/s]
Evaluating:  63%|██████▎   | 41/65 [00:05<00:03,  7.97it/s]
Evaluating:  65%|██████▍   | 42/65 [00:05<00:02,  7.96it/s]
Evaluating:  66%|██████▌   | 43/65 [00:05<00:02,  7.97it/s]
Evaluating:  68%|██████▊   | 44/65 [00:05<00:02,  7.98it/s]
Evaluating:  69%|██████▉   | 45/65 [00:06<00:02,  7.97it/s]
Evaluating:  71%|███████   | 46/65 [00:06<00:02,  7.99it/s]
Evaluating:  72%|███████▏  | 47/65 [00:06<00:02,  8.02it/s]
Evaluating:  74%|███████▍  | 48/65 [00:06<00:02,  8.02it/s]
Evaluating:  75%|███████▌  | 49/65 [00:06<00:01,  8.02it/s]
Evaluating:  77%|███████▋  | 50/65 [00:06<00:01,  8.01it/s]
Evaluating:  78%|███████▊  | 51/65 [00:06<00:01,  8.02it/s]
Evaluating:  80%|████████  | 52/65 [00:06<00:01,  8.07it/s]
Evaluating:  82%|████████▏ | 53/65 [00:07<00:01,  8.03it/s]
Evaluating:  83%|████████▎ | 54/65 [00:07<00:01,  8.01it/s]
Evaluating:  85%|████████▍ | 55/65 [00:07<00:01,  8.00it/s]
Evaluating:  86%|████████▌ | 56/65 [00:07<00:01,  8.00it/s]
Evaluating:  88%|████████▊ | 57/65 [00:07<00:01,  7.99it/s]
Evaluating:  89%|████████▉ | 58/65 [00:07<00:00,  8.01it/s]
Evaluating:  91%|█████████ | 59/65 [00:07<00:00,  8.06it/s]
Evaluating:  92%|█████████▏| 60/65 [00:07<00:00,  8.08it/s]
Evaluating:  94%|█████████▍| 61/65 [00:08<00:00,  8.08it/s]
Evaluating:  95%|█████████▌| 62/65 [00:08<00:00,  8.06it/s]
Evaluating:  97%|█████████▋| 63/65 [00:08<00:00,  8.01it/s]
Evaluating:  98%|█████████▊| 64/65 [00:08<00:00,  7.95it/s]
                                                           
Add Object: 84.92%

============================================================
Evaluating: Add Attribute
============================================================
Loaded 692 samples for add_att

Evaluating:   0%|          | 0/22 [00:00<?, ?it/s]
Evaluating:   5%|▍         | 1/22 [00:00<00:16,  1.29it/s]
Evaluating:   9%|▉         | 2/22 [00:00<00:08,  2.48it/s]
Evaluating:  14%|█▎        | 3/22 [00:01<00:05,  3.59it/s]
Evaluating:  18%|█▊        | 4/22 [00:01<00:03,  4.55it/s]
Evaluating:  23%|██▎       | 5/22 [00:01<00:03,  5.28it/s]
Evaluating:  27%|██▋       | 6/22 [00:01<00:02,  5.76it/s]
Evaluating:  32%|███▏      | 7/22 [00:01<00:02,  6.29it/s]
Evaluating:  36%|███▋      | 8/22 [00:01<00:02,  6.71it/s]
Evaluating:  41%|████      | 9/22 [00:01<00:01,  6.87it/s]
Evaluating:  45%|████▌     | 10/22 [00:01<00:01,  6.90it/s]
Evaluating:  50%|█████     | 11/22 [00:02<00:01,  7.17it/s]
Evaluating:  55%|█████▍    | 12/22 [00:02<00:01,  7.35it/s]
Evaluating:  59%|█████▉    | 13/22 [00:02<00:01,  7.46it/s]
Evaluating:  64%|██████▎   | 14/22 [00:02<00:01,  7.12it/s]
Evaluating:  68%|██████▊   | 15/22 [00:02<00:00,  7.29it/s]
Evaluating:  73%|███████▎  | 16/22 [00:02<00:00,  7.38it/s]
Evaluating:  77%|███████▋  | 17/22 [00:02<00:00,  7.51it/s]
Evaluating:  82%|████████▏ | 18/22 [00:03<00:00,  7.68it/s]
Evaluating:  86%|████████▋ | 19/22 [00:03<00:00,  7.78it/s]
Evaluating:  91%|█████████ | 20/22 [00:03<00:00,  7.87it/s]
Evaluating:  95%|█████████▌| 21/22 [00:03<00:00,  7.92it/s]
                                                           
Add Attribute: 76.73%

============================================================
Evaluating: Swap Object
============================================================
Loaded 245 samples for swap_obj

Evaluating:   0%|          | 0/8 [00:00<?, ?it/s]
Evaluating:  12%|█▎        | 1/8 [00:00<00:05,  1.19it/s]
Evaluating:  25%|██▌       | 2/8 [00:00<00:02,  2.38it/s]
Evaluating:  38%|███▊      | 3/8 [00:01<00:01,  3.47it/s]
Evaluating:  50%|█████     | 4/8 [00:01<00:00,  4.44it/s]
Evaluating:  62%|██████▎   | 5/8 [00:01<00:00,  5.25it/s]
Evaluating:  75%|███████▌  | 6/8 [00:01<00:00,  5.96it/s]
Evaluating:  88%|████████▊ | 7/8 [00:01<00:00,  6.51it/s]
                                                         
Swap Object: 62.45%

============================================================
Evaluating: Swap Attribute
============================================================
Loaded 666 samples for swap_att

Evaluating:   0%|          | 0/21 [00:00<?, ?it/s]
Evaluating:   5%|▍         | 1/21 [00:00<00:09,  2.05it/s]
Evaluating:  10%|▉         | 2/21 [00:00<00:05,  3.23it/s]
Evaluating:  14%|█▍        | 3/21 [00:00<00:04,  4.43it/s]
Evaluating:  19%|█▉        | 4/21 [00:00<00:03,  5.39it/s]
Evaluating:  24%|██▍       | 5/21 [00:01<00:02,  6.05it/s]
Evaluating:  29%|██▊       | 6/21 [00:01<00:02,  5.65it/s]
Evaluating:  33%|███▎      | 7/21 [00:01<00:02,  6.10it/s]
Evaluating:  38%|███▊      | 8/21 [00:01<00:02,  6.43it/s]
Evaluating:  43%|████▎     | 9/21 [00:01<00:01,  6.82it/s]
Evaluating:  48%|████▊     | 10/21 [00:01<00:01,  7.16it/s]
Evaluating:  52%|█████▏    | 11/21 [00:01<00:01,  7.41it/s]
Evaluating:  57%|█████▋    | 12/21 [00:02<00:01,  7.60it/s]
Evaluating:  62%|██████▏   | 13/21 [00:02<00:01,  7.75it/s]
Evaluating:  67%|██████▋   | 14/21 [00:02<00:00,  7.84it/s]
Evaluating:  71%|███████▏  | 15/21 [00:02<00:00,  7.86it/s]
Evaluating:  76%|███████▌  | 16/21 [00:02<00:00,  7.91it/s]
Evaluating:  81%|████████  | 17/21 [00:02<00:00,  7.94it/s]
Evaluating:  86%|████████▌ | 18/21 [00:02<00:00,  7.96it/s]
Evaluating:  90%|█████████ | 19/21 [00:02<00:00,  7.98it/s]
Evaluating:  95%|█████████▌| 20/21 [00:03<00:00,  8.01it/s]
                                                           
Swap Attribute: 66.07%

############################################################
Evaluating: CLIP-ViT-B/16
############################################################
Loading CLIP base model: ViT-B/16

============================================================
Evaluating: Replace Object
============================================================
Loaded 1652 samples for replace_obj

Evaluating:   0%|          | 0/52 [00:00<?, ?it/s]
Evaluating:   2%|▏         | 1/52 [00:00<00:29,  1.72it/s]
Evaluating:   4%|▍         | 2/52 [00:00<00:15,  3.33it/s]
Evaluating:   6%|▌         | 3/52 [00:00<00:10,  4.76it/s]
Evaluating:   8%|▊         | 4/52 [00:00<00:09,  5.21it/s]
Evaluating:  10%|▉         | 5/52 [00:01<00:08,  5.66it/s]
Evaluating:  13%|█▎        | 7/52 [00:01<00:06,  7.32it/s]
Evaluating:  15%|█▌        | 8/52 [00:01<00:05,  7.82it/s]
Evaluating:  17%|█▋        | 9/52 [00:01<00:05,  8.30it/s]
Evaluating:  19%|█▉        | 10/52 [00:01<00:04,  8.71it/s]
Evaluating:  23%|██▎       | 12/52 [00:01<00:04,  9.32it/s]
Evaluating:  27%|██▋       | 14/52 [00:01<00:03,  9.70it/s]
Evaluating:  31%|███       | 16/52 [00:02<00:03,  9.92it/s]
Evaluating:  35%|███▍      | 18/52 [00:02<00:03, 10.04it/s]
Evaluating:  38%|███▊      | 20/52 [00:02<00:03, 10.02it/s]
Evaluating:  42%|████▏     | 22/52 [00:02<00:03,  9.73it/s]
Evaluating:  44%|████▍     | 23/52 [00:02<00:02,  9.75it/s]
Evaluating:  46%|████▌     | 24/52 [00:03<00:02,  9.73it/s]
Evaluating:  48%|████▊     | 25/52 [00:03<00:02,  9.77it/s]
Evaluating:  50%|█████     | 26/52 [00:03<00:02,  9.80it/s]
Evaluating:  52%|█████▏    | 27/52 [00:03<00:02,  9.80it/s]
Evaluating:  54%|█████▍    | 28/52 [00:03<00:02,  9.82it/s]
Evaluating:  58%|█████▊    | 30/52 [00:03<00:02,  9.96it/s]
Evaluating:  62%|██████▏   | 32/52 [00:03<00:01, 10.06it/s]
Evaluating:  65%|██████▌   | 34/52 [00:03<00:01, 10.08it/s]
Evaluating:  69%|██████▉   | 36/52 [00:04<00:01, 10.07it/s]
Evaluating:  73%|███████▎  | 38/52 [00:04<00:01, 10.08it/s]
Evaluating:  77%|███████▋  | 40/52 [00:04<00:01, 10.05it/s]
Evaluating:  81%|████████  | 42/52 [00:04<00:00, 10.04it/s]
Evaluating:  85%|████████▍ | 44/52 [00:05<00:00,  8.77it/s]
Evaluating:  87%|████████▋ | 45/52 [00:05<00:00,  8.52it/s]
Evaluating:  90%|█████████ | 47/52 [00:05<00:00,  9.04it/s]
Evaluating:  94%|█████████▍| 49/52 [00:05<00:00,  9.42it/s]
Evaluating:  98%|█████████▊| 51/52 [00:05<00:00,  9.64it/s]
                                                           
Replace Object: 93.34%

============================================================
Evaluating: Replace Attribute
============================================================
Loaded 788 samples for replace_att

Evaluating:   0%|          | 0/25 [00:00<?, ?it/s]
Evaluating:   4%|▍         | 1/25 [00:00<00:15,  1.54it/s]
Evaluating:  12%|█▏        | 3/25 [00:00<00:05,  4.08it/s]
Evaluating:  16%|█▌        | 4/25 [00:01<00:04,  4.47it/s]
Evaluating:  20%|██        | 5/25 [00:01<00:03,  5.11it/s]
Evaluating:  28%|██▊       | 7/25 [00:01<00:02,  6.73it/s]
Evaluating:  32%|███▏      | 8/25 [00:01<00:02,  7.34it/s]
Evaluating:  36%|███▌      | 9/25 [00:01<00:02,  7.86it/s]
Evaluating:  40%|████      | 10/25 [00:01<00:01,  8.24it/s]
Evaluating:  44%|████▍     | 11/25 [00:01<00:01,  8.51it/s]
Evaluating:  48%|████▊     | 12/25 [00:01<00:01,  8.82it/s]
Evaluating:  52%|█████▏    | 13/25 [00:01<00:01,  9.07it/s]
Evaluating:  60%|██████    | 15/25 [00:02<00:01,  9.50it/s]
Evaluating:  68%|██████▊   | 17/25 [00:02<00:00,  9.79it/s]
Evaluating:  76%|███████▌  | 19/25 [00:02<00:00,  9.93it/s]
Evaluating:  84%|████████▍ | 21/25 [00:02<00:00, 10.07it/s]
Evaluating:  92%|█████████▏| 23/25 [00:02<00:00, 10.16it/s]
Evaluating: 100%|██████████| 25/25 [00:03<00:00, 10.90it/s]
                                                           
Replace Attribute: 80.71%

============================================================
Evaluating: Replace Relation
============================================================
Loaded 1406 samples for replace_rel

Evaluating:   0%|          | 0/44 [00:00<?, ?it/s]
Evaluating:   2%|▏         | 1/44 [00:00<00:18,  2.31it/s]
Evaluating:   5%|▍         | 2/44 [00:00<00:10,  3.98it/s]
Evaluating:   7%|▋         | 3/44 [00:00<00:08,  5.12it/s]
Evaluating:   9%|▉         | 4/44 [00:00<00:06,  6.21it/s]
Evaluating:  11%|█▏        | 5/44 [00:01<00:08,  4.79it/s]
Evaluating:  14%|█▎        | 6/44 [00:01<00:06,  5.69it/s]
Evaluating:  18%|█▊        | 8/44 [00:01<00:04,  7.27it/s]
Evaluating:  20%|██        | 9/44 [00:01<00:04,  7.81it/s]
Evaluating:  23%|██▎       | 10/44 [00:01<00:04,  7.24it/s]
Evaluating:  25%|██▌       | 11/44 [00:01<00:04,  7.38it/s]
Evaluating:  27%|██▋       | 12/44 [00:01<00:04,  7.90it/s]
Evaluating:  32%|███▏      | 14/44 [00:02<00:03,  8.79it/s]
Evaluating:  36%|███▋      | 16/44 [00:02<00:03,  9.22it/s]
Evaluating:  41%|████      | 18/44 [00:02<00:02,  9.52it/s]
Evaluating:  45%|████▌     | 20/44 [00:02<00:02,  9.77it/s]
Evaluating:  50%|█████     | 22/44 [00:02<00:02,  9.94it/s]
Evaluating:  55%|█████▍    | 24/44 [00:03<00:01, 10.04it/s]
Evaluating:  59%|█████▉    | 26/44 [00:03<00:01, 10.03it/s]
Evaluating:  64%|██████▎   | 28/44 [00:03<00:01, 10.05it/s]
Evaluating:  68%|██████▊   | 30/44 [00:03<00:01, 10.10it/s]
Evaluating:  73%|███████▎  | 32/44 [00:03<00:01, 10.09it/s]
Evaluating:  77%|███████▋  | 34/44 [00:04<00:01,  9.97it/s]
Evaluating:  80%|███████▉  | 35/44 [00:04<00:01,  8.66it/s]
Evaluating:  82%|████████▏ | 36/44 [00:04<00:00,  8.28it/s]
Evaluating:  86%|████████▋ | 38/44 [00:04<00:00,  8.90it/s]
Evaluating:  91%|█████████ | 40/44 [00:04<00:00,  9.31it/s]
Evaluating:  95%|█████████▌| 42/44 [00:04<00:00,  9.51it/s]
Evaluating:  98%|█████████▊| 43/44 [00:05<00:00,  9.57it/s]
                                                           
Replace Relation: 66.22%

============================================================
Evaluating: Add Object
============================================================
Loaded 2062 samples for add_obj

Evaluating:   0%|          | 0/65 [00:00<?, ?it/s]
Evaluating:   2%|▏         | 1/65 [00:00<00:50,  1.27it/s]
Evaluating:   3%|▎         | 2/65 [00:00<00:24,  2.60it/s]
Evaluating:   5%|▍         | 3/65 [00:00<00:16,  3.86it/s]
Evaluating:   6%|▌         | 4/65 [00:01<00:12,  4.99it/s]
Evaluating:   8%|▊         | 5/65 [00:01<00:11,  5.17it/s]
Evaluating:   9%|▉         | 6/65 [00:01<00:09,  6.00it/s]
Evaluating:  11%|█         | 7/65 [00:01<00:08,  6.82it/s]
Evaluating:  12%|█▏        | 8/65 [00:01<00:07,  7.55it/s]
Evaluating:  14%|█▍        | 9/65 [00:01<00:06,  8.09it/s]
Evaluating:  15%|█▌        | 10/65 [00:01<00:06,  8.35it/s]
Evaluating:  17%|█▋        | 11/65 [00:01<00:06,  8.44it/s]
Evaluating:  18%|█▊        | 12/65 [00:02<00:06,  8.62it/s]
Evaluating:  20%|██        | 13/65 [00:02<00:06,  8.29it/s]
Evaluating:  22%|██▏       | 14/65 [00:02<00:05,  8.51it/s]
Evaluating:  23%|██▎       | 15/65 [00:02<00:05,  8.76it/s]
Evaluating:  25%|██▍       | 16/65 [00:02<00:05,  9.02it/s]
Evaluating:  26%|██▌       | 17/65 [00:02<00:06,  7.42it/s]
Evaluating:  28%|██▊       | 18/65 [00:02<00:06,  7.61it/s]
Evaluating:  29%|██▉       | 19/65 [00:02<00:05,  8.15it/s]
Evaluating:  31%|███       | 20/65 [00:03<00:05,  8.50it/s]
Evaluating:  32%|███▏      | 21/65 [00:03<00:05,  8.52it/s]
Evaluating:  34%|███▍      | 22/65 [00:03<00:05,  7.68it/s]
Evaluating:  35%|███▌      | 23/65 [00:03<00:05,  8.09it/s]
Evaluating:  38%|███▊      | 25/65 [00:03<00:04,  8.90it/s]
Evaluating:  40%|████      | 26/65 [00:03<00:04,  8.84it/s]
Evaluating:  42%|████▏     | 27/65 [00:03<00:05,  7.34it/s]
Evaluating:  43%|████▎     | 28/65 [00:04<00:04,  7.78it/s]
Evaluating:  46%|████▌     | 30/65 [00:04<00:04,  8.71it/s]
Evaluating:  49%|████▉     | 32/65 [00:04<00:03,  9.24it/s]
Evaluating:  52%|█████▏    | 34/65 [00:04<00:03,  9.58it/s]
Evaluating:  55%|█████▌    | 36/65 [00:04<00:02,  9.78it/s]
Evaluating:  58%|█████▊    | 38/65 [00:05<00:02,  9.86it/s]
Evaluating:  60%|██████    | 39/65 [00:05<00:02,  9.86it/s]
Evaluating:  62%|██████▏   | 40/65 [00:05<00:02,  9.84it/s]
Evaluating:  63%|██████▎   | 41/65 [00:05<00:02,  9.75it/s]
Evaluating:  65%|██████▍   | 42/65 [00:05<00:02,  9.71it/s]
Evaluating:  66%|██████▌   | 43/65 [00:05<00:02,  9.44it/s]
Evaluating:  68%|██████▊   | 44/65 [00:05<00:02,  8.94it/s]
Evaluating:  69%|██████▉   | 45/65 [00:05<00:02,  8.88it/s]
Evaluating:  71%|███████   | 46/65 [00:05<00:02,  9.04it/s]
Evaluating:  72%|███████▏  | 47/65 [00:05<00:01,  9.11it/s]
Evaluating:  74%|███████▍  | 48/65 [00:06<00:01,  9.30it/s]
Evaluating:  75%|███████▌  | 49/65 [00:06<00:01,  9.40it/s]
Evaluating:  77%|███████▋  | 50/65 [00:06<00:01,  9.42it/s]
Evaluating:  78%|███████▊  | 51/65 [00:06<00:01,  9.52it/s]
Evaluating:  80%|████████  | 52/65 [00:06<00:01,  9.65it/s]
Evaluating:  82%|████████▏ | 53/65 [00:06<00:01,  9.69it/s]
Evaluating:  83%|████████▎ | 54/65 [00:06<00:01,  9.73it/s]
Evaluating:  85%|████████▍ | 55/65 [00:06<00:01,  9.63it/s]
Evaluating:  86%|████████▌ | 56/65 [00:06<00:00,  9.49it/s]
Evaluating:  88%|████████▊ | 57/65 [00:07<00:00,  9.43it/s]
Evaluating:  89%|████████▉ | 58/65 [00:07<00:00,  9.42it/s]
Evaluating:  91%|█████████ | 59/65 [00:07<00:00,  9.33it/s]
Evaluating:  92%|█████████▏| 60/65 [00:07<00:00,  9.20it/s]
Evaluating:  94%|█████████▍| 61/65 [00:07<00:00,  9.37it/s]
Evaluating:  97%|█████████▋| 63/65 [00:07<00:00,  9.79it/s]
Evaluating: 100%|██████████| 65/65 [00:07<00:00, 11.25it/s]
                                                           
Add Object: 78.27%

============================================================
Evaluating: Add Attribute
============================================================
Loaded 692 samples for add_att

Evaluating:   0%|          | 0/22 [00:00<?, ?it/s]
Evaluating:   5%|▍         | 1/22 [00:00<00:09,  2.25it/s]
Evaluating:   9%|▉         | 2/22 [00:00<00:04,  4.01it/s]
Evaluating:  14%|█▎        | 3/22 [00:00<00:03,  5.11it/s]
Evaluating:  18%|█▊        | 4/22 [00:00<00:03,  5.28it/s]
Evaluating:  23%|██▎       | 5/22 [00:01<00:04,  3.84it/s]
Evaluating:  27%|██▋       | 6/22 [00:01<00:03,  4.63it/s]
Evaluating:  32%|███▏      | 7/22 [00:01<00:02,  5.57it/s]
Evaluating:  41%|████      | 9/22 [00:01<00:01,  7.14it/s]
Evaluating:  45%|████▌     | 10/22 [00:01<00:01,  7.69it/s]
Evaluating:  50%|█████     | 11/22 [00:01<00:01,  8.12it/s]
Evaluating:  55%|█████▍    | 12/22 [00:02<00:01,  7.33it/s]
Evaluating:  59%|█████▉    | 13/22 [00:02<00:01,  7.10it/s]
Evaluating:  68%|██████▊   | 15/22 [00:02<00:00,  8.19it/s]
Evaluating:  77%|███████▋  | 17/22 [00:02<00:00,  8.68it/s]
Evaluating:  82%|████████▏ | 18/22 [00:02<00:00,  8.50it/s]
Evaluating:  86%|████████▋ | 19/22 [00:02<00:00,  8.43it/s]
Evaluating:  91%|█████████ | 20/22 [00:02<00:00,  8.64it/s]
Evaluating:  95%|█████████▌| 21/22 [00:03<00:00,  8.94it/s]
                                                           
Add Attribute: 66.76%

============================================================
Evaluating: Swap Object
============================================================
Loaded 245 samples for swap_obj

Evaluating:   0%|          | 0/8 [00:00<?, ?it/s]
Evaluating:  12%|█▎        | 1/8 [00:00<00:05,  1.33it/s]
Evaluating:  25%|██▌       | 2/8 [00:00<00:02,  2.69it/s]
Evaluating:  38%|███▊      | 3/8 [00:01<00:01,  3.62it/s]
Evaluating:  50%|█████     | 4/8 [00:01<00:00,  4.70it/s]
Evaluating:  75%|███████▌  | 6/8 [00:01<00:00,  6.57it/s]
Evaluating: 100%|██████████| 8/8 [00:01<00:00,  8.24it/s]
                                                         
Swap Object: 60.41%

============================================================
Evaluating: Swap Attribute
============================================================
Loaded 666 samples for swap_att

Evaluating:   0%|          | 0/21 [00:00<?, ?it/s]
Evaluating:   5%|▍         | 1/21 [00:00<00:13,  1.47it/s]
Evaluating:  10%|▉         | 2/21 [00:00<00:06,  2.94it/s]
Evaluating:  14%|█▍        | 3/21 [00:00<00:04,  3.68it/s]
Evaluating:  19%|█▉        | 4/21 [00:01<00:03,  4.68it/s]
Evaluating:  24%|██▍       | 5/21 [00:01<00:02,  5.79it/s]
Evaluating:  29%|██▊       | 6/21 [00:01<00:02,  6.76it/s]
Evaluating:  33%|███▎      | 7/21 [00:01<00:02,  6.89it/s]
Evaluating:  38%|███▊      | 8/21 [00:01<00:01,  6.62it/s]
Evaluating:  48%|████▊     | 10/21 [00:01<00:01,  7.95it/s]
Evaluating:  57%|█████▋    | 12/21 [00:01<00:01,  8.72it/s]
Evaluating:  67%|██████▋   | 14/21 [00:02<00:00,  9.11it/s]
Evaluating:  71%|███████▏  | 15/21 [00:02<00:00,  9.24it/s]
Evaluating:  81%|████████  | 17/21 [00:02<00:00,  9.60it/s]
Evaluating:  90%|█████████ | 19/21 [00:02<00:00,  9.87it/s]
Evaluating: 100%|██████████| 21/21 [00:02<00:00, 10.36it/s]
                                                           
Swap Attribute: 64.11%

############################################################
Evaluating: CoN-CLIP-ViT-B/16
############################################################
Loading CLIP base model: ViT-B/16
Loading checkpoint from /home/pankaja/ENTC/Sem5/CoN-CLIP-Project/checkpoints/conclip_b16/ckpt_5_conclip_b16.pt

============================================================
Evaluating: Replace Object
============================================================
Loaded 1652 samples for replace_obj

Evaluating:   0%|          | 0/52 [00:00<?, ?it/s]
Evaluating:   2%|▏         | 1/52 [00:00<00:41,  1.24it/s]
Evaluating:   4%|▍         | 2/52 [00:01<00:26,  1.86it/s]
Evaluating:   6%|▌         | 3/52 [00:01<00:20,  2.41it/s]
Evaluating:   8%|▊         | 4/52 [00:01<00:17,  2.80it/s]
Evaluating:  10%|▉         | 5/52 [00:01<00:15,  3.06it/s]
Evaluating:  12%|█▏        | 6/52 [00:02<00:14,  3.23it/s]
Evaluating:  13%|█▎        | 7/52 [00:02<00:13,  3.36it/s]
Evaluating:  15%|█▌        | 8/52 [00:02<00:12,  3.46it/s]
Evaluating:  17%|█▋        | 9/52 [00:03<00:12,  3.52it/s]
Evaluating:  19%|█▉        | 10/52 [00:03<00:11,  3.55it/s]
Evaluating:  21%|██        | 11/52 [00:03<00:11,  3.59it/s]
Evaluating:  23%|██▎       | 12/52 [00:03<00:11,  3.62it/s]
Evaluating:  25%|██▌       | 13/52 [00:04<00:10,  3.63it/s]
Evaluating:  27%|██▋       | 14/52 [00:04<00:10,  3.64it/s]
Evaluating:  29%|██▉       | 15/52 [00:04<00:10,  3.65it/s]
Evaluating:  31%|███       | 16/52 [00:04<00:09,  3.66it/s]
Evaluating:  33%|███▎      | 17/52 [00:05<00:09,  3.66it/s]
Evaluating:  35%|███▍      | 18/52 [00:05<00:09,  3.66it/s]
Evaluating:  37%|███▋      | 19/52 [00:05<00:09,  3.66it/s]
Evaluating:  38%|███▊      | 20/52 [00:06<00:08,  3.67it/s]
Evaluating:  40%|████      | 21/52 [00:06<00:08,  3.66it/s]
Evaluating:  42%|████▏     | 22/52 [00:06<00:08,  3.66it/s]
Evaluating:  44%|████▍     | 23/52 [00:06<00:07,  3.67it/s]
Evaluating:  46%|████▌     | 24/52 [00:07<00:07,  3.66it/s]
Evaluating:  48%|████▊     | 25/52 [00:07<00:07,  3.66it/s]
Evaluating:  50%|█████     | 26/52 [00:07<00:07,  3.66it/s]
Evaluating:  52%|█████▏    | 27/52 [00:07<00:06,  3.67it/s]
Evaluating:  54%|█████▍    | 28/52 [00:08<00:06,  3.66it/s]
Evaluating:  56%|█████▌    | 29/52 [00:08<00:06,  3.66it/s]
Evaluating:  58%|█████▊    | 30/52 [00:08<00:06,  3.66it/s]
Evaluating:  60%|█████▉    | 31/52 [00:09<00:05,  3.67it/s]
Evaluating:  62%|██████▏   | 32/52 [00:09<00:05,  3.66it/s]
Evaluating:  63%|██████▎   | 33/52 [00:09<00:05,  3.65it/s]
Evaluating:  65%|██████▌   | 34/52 [00:09<00:04,  3.66it/s]
Evaluating:  67%|██████▋   | 35/52 [00:10<00:04,  3.66it/s]
Evaluating:  69%|██████▉   | 36/52 [00:10<00:04,  3.66it/s]
Evaluating:  71%|███████   | 37/52 [00:10<00:04,  3.66it/s]
Evaluating:  73%|███████▎  | 38/52 [00:10<00:03,  3.66it/s]
Evaluating:  75%|███████▌  | 39/52 [00:11<00:03,  3.66it/s]
Evaluating:  77%|███████▋  | 40/52 [00:11<00:03,  3.66it/s]
Evaluating:  79%|███████▉  | 41/52 [00:11<00:03,  3.66it/s]
Evaluating:  81%|████████  | 42/52 [00:12<00:02,  3.66it/s]
Evaluating:  83%|████████▎ | 43/52 [00:12<00:02,  3.65it/s]
Evaluating:  85%|████████▍ | 44/52 [00:12<00:02,  3.66it/s]
Evaluating:  87%|████████▋ | 45/52 [00:12<00:01,  3.66it/s]
Evaluating:  88%|████████▊ | 46/52 [00:13<00:01,  3.66it/s]
Evaluating:  90%|█████████ | 47/52 [00:13<00:01,  3.65it/s]
Evaluating:  92%|█████████▏| 48/52 [00:13<00:01,  3.66it/s]
Evaluating:  94%|█████████▍| 49/52 [00:13<00:00,  3.65it/s]
Evaluating:  96%|█████████▌| 50/52 [00:14<00:00,  3.65it/s]
Evaluating:  98%|█████████▊| 51/52 [00:14<00:00,  3.56it/s]
Evaluating: 100%|██████████| 52/52 [00:14<00:00,  3.79it/s]
                                                           
Replace Object: 93.40%

============================================================
Evaluating: Replace Attribute
============================================================
Loaded 788 samples for replace_att

Evaluating:   0%|          | 0/25 [00:00<?, ?it/s]
Evaluating:   4%|▍         | 1/25 [00:00<00:23,  1.02it/s]
Evaluating:   8%|▊         | 2/25 [00:01<00:13,  1.72it/s]
Evaluating:  12%|█▏        | 3/25 [00:01<00:09,  2.25it/s]
Evaluating:  16%|█▌        | 4/25 [00:01<00:07,  2.65it/s]
Evaluating:  20%|██        | 5/25 [00:02<00:06,  2.94it/s]
Evaluating:  24%|██▍       | 6/25 [00:02<00:06,  3.14it/s]
Evaluating:  28%|██▊       | 7/25 [00:02<00:05,  3.30it/s]
Evaluating:  32%|███▏      | 8/25 [00:02<00:04,  3.40it/s]
Evaluating:  36%|███▌      | 9/25 [00:03<00:04,  3.47it/s]
Evaluating:  40%|████      | 10/25 [00:03<00:04,  3.52it/s]
Evaluating:  44%|████▍     | 11/25 [00:03<00:03,  3.56it/s]
Evaluating:  48%|████▊     | 12/25 [00:04<00:03,  3.59it/s]
Evaluating:  52%|█████▏    | 13/25 [00:04<00:03,  3.60it/s]
Evaluating:  56%|█████▌    | 14/25 [00:04<00:03,  3.61it/s]
Evaluating:  60%|██████    | 15/25 [00:04<00:02,  3.63it/s]
Evaluating:  64%|██████▍   | 16/25 [00:05<00:02,  3.63it/s]
Evaluating:  68%|██████▊   | 17/25 [00:05<00:02,  3.63it/s]
Evaluating:  72%|███████▏  | 18/25 [00:05<00:01,  3.64it/s]
Evaluating:  76%|███████▌  | 19/25 [00:05<00:01,  3.64it/s]
Evaluating:  80%|████████  | 20/25 [00:06<00:01,  3.64it/s]
Evaluating:  84%|████████▍ | 21/25 [00:06<00:01,  3.64it/s]
Evaluating:  88%|████████▊ | 22/25 [00:06<00:00,  3.65it/s]
Evaluating:  92%|█████████▏| 23/25 [00:07<00:00,  3.65it/s]
Evaluating:  96%|█████████▌| 24/25 [00:07<00:00,  3.65it/s]
Evaluating: 100%|██████████| 25/25 [00:07<00:00,  4.12it/s]
                                                           
Replace Attribute: 81.22%

============================================================
Evaluating: Replace Relation
============================================================
Loaded 1406 samples for replace_rel

Evaluating:   0%|          | 0/44 [00:00<?, ?it/s]
Evaluating:   2%|▏         | 1/44 [00:00<00:39,  1.09it/s]
Evaluating:   5%|▍         | 2/44 [00:01<00:22,  1.83it/s]
Evaluating:   7%|▋         | 3/44 [00:01<00:17,  2.34it/s]
Evaluating:   9%|▉         | 4/44 [00:01<00:14,  2.69it/s]
Evaluating:  11%|█▏        | 5/44 [00:02<00:13,  2.97it/s]
Evaluating:  14%|█▎        | 6/44 [00:02<00:11,  3.17it/s]
Evaluating:  16%|█▌        | 7/44 [00:02<00:11,  3.31it/s]
Evaluating:  18%|█▊        | 8/44 [00:02<00:10,  3.41it/s]
Evaluating:  20%|██        | 9/44 [00:03<00:10,  3.47it/s]
Evaluating:  23%|██▎       | 10/44 [00:03<00:09,  3.50it/s]
Evaluating:  25%|██▌       | 11/44 [00:03<00:09,  3.51it/s]
Evaluating:  27%|██▋       | 12/44 [00:03<00:09,  3.55it/s]
Evaluating:  30%|██▉       | 13/44 [00:04<00:08,  3.57it/s]
Evaluating:  32%|███▏      | 14/44 [00:04<00:08,  3.57it/s]
Evaluating:  34%|███▍      | 15/44 [00:04<00:08,  3.59it/s]
Evaluating:  36%|███▋      | 16/44 [00:05<00:07,  3.61it/s]
Evaluating:  39%|███▊      | 17/44 [00:05<00:07,  3.61it/s]
Evaluating:  41%|████      | 18/44 [00:05<00:07,  3.62it/s]
Evaluating:  43%|████▎     | 19/44 [00:05<00:06,  3.63it/s]
Evaluating:  45%|████▌     | 20/44 [00:06<00:06,  3.63it/s]
Evaluating:  48%|████▊     | 21/44 [00:06<00:06,  3.60it/s]
Evaluating:  50%|█████     | 22/44 [00:06<00:06,  3.60it/s]
Evaluating:  52%|█████▏    | 23/44 [00:07<00:05,  3.53it/s]
Evaluating:  55%|█████▍    | 24/44 [00:07<00:05,  3.33it/s]
Evaluating:  57%|█████▋    | 25/44 [00:07<00:05,  3.43it/s]
Evaluating:  59%|█████▉    | 26/44 [00:07<00:05,  3.49it/s]
Evaluating:  61%|██████▏   | 27/44 [00:08<00:04,  3.44it/s]
Evaluating:  64%|██████▎   | 28/44 [00:08<00:04,  3.33it/s]
Evaluating:  66%|██████▌   | 29/44 [00:08<00:04,  3.40it/s]
Evaluating:  68%|██████▊   | 30/44 [00:09<00:04,  3.46it/s]
Evaluating:  70%|███████   | 31/44 [00:09<00:03,  3.51it/s]
Evaluating:  73%|███████▎  | 32/44 [00:09<00:03,  3.54it/s]
Evaluating:  75%|███████▌  | 33/44 [00:09<00:03,  3.55it/s]
Evaluating:  77%|███████▋  | 34/44 [00:10<00:02,  3.57it/s]
Evaluating:  80%|███████▉  | 35/44 [00:10<00:02,  3.59it/s]
Evaluating:  82%|████████▏ | 36/44 [00:10<00:02,  3.59it/s]
Evaluating:  84%|████████▍ | 37/44 [00:11<00:01,  3.61it/s]
Evaluating:  86%|████████▋ | 38/44 [00:11<00:01,  3.62it/s]
Evaluating:  89%|████████▊ | 39/44 [00:11<00:01,  3.63it/s]
Evaluating:  91%|█████████ | 40/44 [00:11<00:01,  3.63it/s]
Evaluating:  93%|█████████▎| 41/44 [00:12<00:00,  3.64it/s]
Evaluating:  95%|█████████▌| 42/44 [00:12<00:00,  3.64it/s]
Evaluating:  98%|█████████▊| 43/44 [00:12<00:00,  3.64it/s]
Evaluating: 100%|██████████| 44/44 [00:12<00:00,  3.72it/s]
                                                           
Replace Relation: 63.51%

============================================================
Evaluating: Add Object
============================================================
Loaded 2062 samples for add_obj

Evaluating:   0%|          | 0/65 [00:00<?, ?it/s]
Evaluating:   2%|▏         | 1/65 [00:00<01:00,  1.06it/s]
Evaluating:   3%|▎         | 2/65 [00:01<00:35,  1.77it/s]
Evaluating:   5%|▍         | 3/65 [00:01<00:26,  2.30it/s]
Evaluating:   6%|▌         | 4/65 [00:01<00:22,  2.67it/s]
Evaluating:   8%|▊         | 5/65 [00:02<00:20,  2.94it/s]
Evaluating:   9%|▉         | 6/65 [00:02<00:18,  3.15it/s]
Evaluating:  11%|█         | 7/65 [00:02<00:17,  3.29it/s]
Evaluating:  12%|█▏        | 8/65 [00:02<00:16,  3.38it/s]
Evaluating:  14%|█▍        | 9/65 [00:03<00:16,  3.45it/s]
Evaluating:  15%|█▌        | 10/65 [00:03<00:15,  3.50it/s]
Evaluating:  17%|█▋        | 11/65 [00:03<00:15,  3.50it/s]
Evaluating:  18%|█▊        | 12/65 [00:04<00:15,  3.51it/s]
Evaluating:  20%|██        | 13/65 [00:04<00:14,  3.56it/s]
Evaluating:  22%|██▏       | 14/65 [00:04<00:14,  3.58it/s]
Evaluating:  23%|██▎       | 15/65 [00:04<00:13,  3.59it/s]
Evaluating:  25%|██▍       | 16/65 [00:05<00:13,  3.61it/s]
Evaluating:  26%|██▌       | 17/65 [00:05<00:13,  3.62it/s]
Evaluating:  28%|██▊       | 18/65 [00:05<00:12,  3.62it/s]
Evaluating:  29%|██▉       | 19/65 [00:05<00:12,  3.62it/s]
Evaluating:  31%|███       | 20/65 [00:06<00:12,  3.63it/s]
Evaluating:  32%|███▏      | 21/65 [00:06<00:12,  3.64it/s]
Evaluating:  34%|███▍      | 22/65 [00:06<00:11,  3.63it/s]
Evaluating:  35%|███▌      | 23/65 [00:07<00:11,  3.62it/s]
Evaluating:  37%|███▋      | 24/65 [00:07<00:11,  3.63it/s]
Evaluating:  38%|███▊      | 25/65 [00:07<00:11,  3.63it/s]
Evaluating:  40%|████      | 26/65 [00:07<00:10,  3.62it/s]
Evaluating:  42%|████▏     | 27/65 [00:08<00:10,  3.62it/s]
Evaluating:  43%|████▎     | 28/65 [00:08<00:10,  3.58it/s]
Evaluating:  45%|████▍     | 29/65 [00:08<00:10,  3.57it/s]
Evaluating:  46%|████▌     | 30/65 [00:09<00:09,  3.59it/s]
Evaluating:  48%|████▊     | 31/65 [00:09<00:09,  3.59it/s]
Evaluating:  49%|████▉     | 32/65 [00:09<00:09,  3.61it/s]
Evaluating:  51%|█████     | 33/65 [00:09<00:08,  3.62it/s]
Evaluating:  52%|█████▏    | 34/65 [00:10<00:08,  3.60it/s]
Evaluating:  54%|█████▍    | 35/65 [00:10<00:08,  3.56it/s]
Evaluating:  55%|█████▌    | 36/65 [00:10<00:08,  3.55it/s]
Evaluating:  57%|█████▋    | 37/65 [00:10<00:07,  3.58it/s]
Evaluating:  58%|█████▊    | 38/65 [00:11<00:07,  3.60it/s]
Evaluating:  60%|██████    | 39/65 [00:11<00:07,  3.60it/s]
Evaluating:  62%|██████▏   | 40/65 [00:11<00:06,  3.60it/s]
Evaluating:  63%|██████▎   | 41/65 [00:12<00:06,  3.62it/s]
Evaluating:  65%|██████▍   | 42/65 [00:12<00:06,  3.62it/s]
Evaluating:  66%|██████▌   | 43/65 [00:12<00:06,  3.52it/s]
Evaluating:  68%|██████▊   | 44/65 [00:12<00:06,  3.28it/s]
Evaluating:  69%|██████▉   | 45/65 [00:13<00:05,  3.39it/s]
Evaluating:  71%|███████   | 46/65 [00:13<00:05,  3.46it/s]
Evaluating:  72%|███████▏  | 47/65 [00:13<00:05,  3.49it/s]
Evaluating:  74%|███████▍  | 48/65 [00:14<00:04,  3.53it/s]
Evaluating:  75%|███████▌  | 49/65 [00:14<00:04,  3.53it/s]
Evaluating:  77%|███████▋  | 50/65 [00:14<00:04,  3.33it/s]
Evaluating:  78%|███████▊  | 51/65 [00:15<00:04,  3.40it/s]
Evaluating:  80%|████████  | 52/65 [00:15<00:03,  3.47it/s]
Evaluating:  82%|████████▏ | 53/65 [00:15<00:03,  3.48it/s]
Evaluating:  83%|████████▎ | 54/65 [00:15<00:03,  3.46it/s]
Evaluating:  85%|████████▍ | 55/65 [00:16<00:02,  3.51it/s]
Evaluating:  86%|████████▌ | 56/65 [00:16<00:02,  3.54it/s]
Evaluating:  88%|████████▊ | 57/65 [00:16<00:02,  3.51it/s]
Evaluating:  89%|████████▉ | 58/65 [00:16<00:02,  3.49it/s]
Evaluating:  91%|█████████ | 59/65 [00:17<00:01,  3.49it/s]
Evaluating:  92%|█████████▏| 60/65 [00:17<00:01,  3.54it/s]
Evaluating:  94%|█████████▍| 61/65 [00:17<00:01,  3.56it/s]
Evaluating:  95%|█████████▌| 62/65 [00:18<00:00,  3.57it/s]
Evaluating:  97%|█████████▋| 63/65 [00:18<00:00,  3.59it/s]
Evaluating:  98%|█████████▊| 64/65 [00:18<00:00,  3.61it/s]
Evaluating: 100%|██████████| 65/65 [00:18<00:00,  4.35it/s]
                                                           
Add Object: 85.89%

============================================================
Evaluating: Add Attribute
============================================================
Loaded 692 samples for add_att

Evaluating:   0%|          | 0/22 [00:00<?, ?it/s]
Evaluating:   5%|▍         | 1/22 [00:01<00:23,  1.10s/it]
Evaluating:   9%|▉         | 2/22 [00:01<00:13,  1.50it/s]
Evaluating:  14%|█▎        | 3/22 [00:01<00:10,  1.88it/s]
Evaluating:  18%|█▊        | 4/22 [00:02<00:07,  2.33it/s]
Evaluating:  23%|██▎       | 5/22 [00:02<00:06,  2.67it/s]
Evaluating:  27%|██▋       | 6/22 [00:02<00:05,  2.91it/s]
Evaluating:  32%|███▏      | 7/22 [00:02<00:04,  3.11it/s]
Evaluating:  36%|███▋      | 8/22 [00:03<00:04,  3.26it/s]
Evaluating:  41%|████      | 9/22 [00:03<00:03,  3.37it/s]
Evaluating:  45%|████▌     | 10/22 [00:03<00:03,  3.43it/s]
Evaluating:  50%|█████     | 11/22 [00:04<00:03,  3.48it/s]
Evaluating:  55%|█████▍    | 12/22 [00:04<00:02,  3.50it/s]
Evaluating:  59%|█████▉    | 13/22 [00:04<00:02,  3.48it/s]
Evaluating:  64%|██████▎   | 14/22 [00:04<00:02,  3.52it/s]
Evaluating:  68%|██████▊   | 15/22 [00:05<00:01,  3.55it/s]
Evaluating:  73%|███████▎  | 16/22 [00:05<00:01,  3.57it/s]
Evaluating:  77%|███████▋  | 17/22 [00:05<00:01,  3.59it/s]
Evaluating:  82%|████████▏ | 18/22 [00:06<00:01,  3.60it/s]
Evaluating:  86%|████████▋ | 19/22 [00:06<00:00,  3.62it/s]
Evaluating:  91%|█████████ | 20/22 [00:06<00:00,  3.62it/s]
Evaluating:  95%|█████████▌| 21/22 [00:06<00:00,  3.63it/s]
Evaluating: 100%|██████████| 22/22 [00:06<00:00,  4.10it/s]
                                                           
Add Attribute: 79.34%

============================================================
Evaluating: Swap Object
============================================================
Loaded 245 samples for swap_obj

Evaluating:   0%|          | 0/8 [00:00<?, ?it/s]
Evaluating:  12%|█▎        | 1/8 [00:01<00:09,  1.30s/it]
Evaluating:  25%|██▌       | 2/8 [00:01<00:04,  1.43it/s]
Evaluating:  38%|███▊      | 3/8 [00:01<00:02,  1.94it/s]
Evaluating:  50%|█████     | 4/8 [00:02<00:01,  2.39it/s]
Evaluating:  62%|██████▎   | 5/8 [00:02<00:01,  2.73it/s]
Evaluating:  75%|███████▌  | 6/8 [00:02<00:00,  2.98it/s]
Evaluating:  88%|████████▊ | 7/8 [00:02<00:00,  3.17it/s]
Evaluating: 100%|██████████| 8/8 [00:03<00:00,  3.69it/s]
                                                         
Swap Object: 63.27%

============================================================
Evaluating: Swap Attribute
============================================================
Loaded 666 samples for swap_att

Evaluating:   0%|          | 0/21 [00:00<?, ?it/s]
Evaluating:   5%|▍         | 1/21 [00:01<00:20,  1.01s/it]
Evaluating:  10%|▉         | 2/21 [00:01<00:11,  1.69it/s]
Evaluating:  14%|█▍        | 3/21 [00:01<00:08,  2.20it/s]
Evaluating:  19%|█▉        | 4/21 [00:01<00:06,  2.58it/s]
Evaluating:  24%|██▍       | 5/21 [00:02<00:05,  2.88it/s]
Evaluating:  29%|██▊       | 6/21 [00:02<00:04,  3.09it/s]
Evaluating:  33%|███▎      | 7/21 [00:02<00:04,  3.25it/s]
Evaluating:  38%|███▊      | 8/21 [00:02<00:03,  3.36it/s]
Evaluating:  43%|████▎     | 9/21 [00:03<00:03,  3.44it/s]
Evaluating:  48%|████▊     | 10/21 [00:03<00:03,  3.49it/s]
Evaluating:  52%|█████▏    | 11/21 [00:03<00:02,  3.53it/s]
Evaluating:  57%|█████▋    | 12/21 [00:04<00:02,  3.56it/s]
Evaluating:  62%|██████▏   | 13/21 [00:04<00:02,  3.58it/s]
Evaluating:  67%|██████▋   | 14/21 [00:04<00:01,  3.60it/s]
Evaluating:  71%|███████▏  | 15/21 [00:04<00:01,  3.61it/s]
Evaluating:  76%|███████▌  | 16/21 [00:05<00:01,  3.61it/s]
Evaluating:  81%|████████  | 17/21 [00:05<00:01,  3.62it/s]
Evaluating:  86%|████████▌ | 18/21 [00:05<00:00,  3.63it/s]
Evaluating:  90%|█████████ | 19/21 [00:06<00:00,  3.63it/s]
Evaluating:  95%|█████████▌| 20/21 [00:06<00:00,  3.63it/s]
Evaluating: 100%|██████████| 21/21 [00:06<00:00,  3.86it/s]
                                                           
Swap Attribute: 66.22%

############################################################
Evaluating: CLIP-ViT-L/14
############################################################
Loading CLIP base model: ViT-L/14

============================================================
Evaluating: Replace Object
============================================================
Loaded 1652 samples for replace_obj

Evaluating:   0%|          | 0/52 [00:00<?, ?it/s]
Evaluating:   2%|▏         | 1/52 [00:01<00:54,  1.06s/it]
Evaluating:   4%|▍         | 2/52 [00:01<00:32,  1.52it/s]
Evaluating:   6%|▌         | 3/52 [00:01<00:27,  1.80it/s]
Evaluating:   8%|▊         | 4/52 [00:02<00:22,  2.11it/s]
Evaluating:  10%|▉         | 5/52 [00:02<00:20,  2.32it/s]
Evaluating:  12%|█▏        | 6/52 [00:02<00:18,  2.48it/s]
Evaluating:  13%|█▎        | 7/52 [00:03<00:17,  2.58it/s]
Evaluating:  15%|█▌        | 8/52 [00:03<00:16,  2.66it/s]
Evaluating:  17%|█▋        | 9/52 [00:03<00:15,  2.71it/s]
Evaluating:  19%|█▉        | 10/52 [00:04<00:15,  2.75it/s]
Evaluating:  21%|██        | 11/52 [00:04<00:14,  2.78it/s]
Evaluating:  23%|██▎       | 12/52 [00:05<00:14,  2.79it/s]
Evaluating:  25%|██▌       | 13/52 [00:05<00:13,  2.80it/s]
Evaluating:  27%|██▋       | 14/52 [00:05<00:13,  2.81it/s]
Evaluating:  29%|██▉       | 15/52 [00:06<00:13,  2.82it/s]
Evaluating:  31%|███       | 16/52 [00:06<00:12,  2.83it/s]
Evaluating:  33%|███▎      | 17/52 [00:06<00:12,  2.83it/s]
Evaluating:  35%|███▍      | 18/52 [00:07<00:11,  2.83it/s]
Evaluating:  37%|███▋      | 19/52 [00:07<00:11,  2.84it/s]
Evaluating:  38%|███▊      | 20/52 [00:07<00:11,  2.84it/s]
Evaluating:  40%|████      | 21/52 [00:08<00:10,  2.84it/s]
Evaluating:  42%|████▏     | 22/52 [00:08<00:10,  2.84it/s]
Evaluating:  44%|████▍     | 23/52 [00:08<00:10,  2.84it/s]
Evaluating:  46%|████▌     | 24/52 [00:09<00:09,  2.84it/s]
Evaluating:  48%|████▊     | 25/52 [00:09<00:09,  2.84it/s]
Evaluating:  50%|█████     | 26/52 [00:09<00:09,  2.84it/s]
Evaluating:  52%|█████▏    | 27/52 [00:10<00:08,  2.84it/s]
Evaluating:  54%|█████▍    | 28/52 [00:10<00:08,  2.84it/s]
Evaluating:  56%|█████▌    | 29/52 [00:11<00:08,  2.84it/s]
Evaluating:  58%|█████▊    | 30/52 [00:11<00:07,  2.84it/s]
Evaluating:  60%|█████▉    | 31/52 [00:11<00:07,  2.84it/s]
Evaluating:  62%|██████▏   | 32/52 [00:12<00:07,  2.84it/s]
Evaluating:  63%|██████▎   | 33/52 [00:12<00:06,  2.84it/s]
Evaluating:  65%|██████▌   | 34/52 [00:12<00:06,  2.84it/s]
Evaluating:  67%|██████▋   | 35/52 [00:13<00:05,  2.84it/s]
Evaluating:  69%|██████▉   | 36/52 [00:13<00:05,  2.84it/s]
Evaluating:  71%|███████   | 37/52 [00:13<00:05,  2.84it/s]
Evaluating:  73%|███████▎  | 38/52 [00:14<00:04,  2.84it/s]
Evaluating:  75%|███████▌  | 39/52 [00:14<00:04,  2.84it/s]
Evaluating:  77%|███████▋  | 40/52 [00:14<00:04,  2.84it/s]
Evaluating:  79%|███████▉  | 41/52 [00:15<00:03,  2.84it/s]
Evaluating:  81%|████████  | 42/52 [00:15<00:03,  2.84it/s]
Evaluating:  83%|████████▎ | 43/52 [00:15<00:03,  2.84it/s]
Evaluating:  85%|████████▍ | 44/52 [00:16<00:02,  2.84it/s]
Evaluating:  87%|████████▋ | 45/52 [00:16<00:02,  2.84it/s]
Evaluating:  88%|████████▊ | 46/52 [00:17<00:02,  2.84it/s]
Evaluating:  90%|█████████ | 47/52 [00:17<00:01,  2.84it/s]
Evaluating:  92%|█████████▏| 48/52 [00:17<00:01,  2.85it/s]
Evaluating:  94%|█████████▍| 49/52 [00:18<00:01,  2.85it/s]
Evaluating:  96%|█████████▌| 50/52 [00:18<00:00,  2.85it/s]
Evaluating:  98%|█████████▊| 51/52 [00:18<00:00,  2.85it/s]
Evaluating: 100%|██████████| 52/52 [00:18<00:00,  3.23it/s]
                                                           
Replace Object: 93.95%

============================================================
Evaluating: Replace Attribute
============================================================
Loaded 788 samples for replace_att

Evaluating:   0%|          | 0/25 [00:00<?, ?it/s]
Evaluating:   4%|▍         | 1/25 [00:01<00:36,  1.54s/it]
Evaluating:   8%|▊         | 2/25 [00:01<00:19,  1.18it/s]
Evaluating:  12%|█▏        | 3/25 [00:02<00:13,  1.59it/s]
Evaluating:  16%|█▌        | 4/25 [00:02<00:11,  1.90it/s]
Evaluating:  20%|██        | 5/25 [00:02<00:09,  2.15it/s]
Evaluating:  24%|██▍       | 6/25 [00:03<00:08,  2.35it/s]
Evaluating:  28%|██▊       | 7/25 [00:03<00:07,  2.49it/s]
Evaluating:  32%|███▏      | 8/25 [00:04<00:06,  2.59it/s]
Evaluating:  36%|███▌      | 9/25 [00:04<00:06,  2.66it/s]
Evaluating:  40%|████      | 10/25 [00:04<00:05,  2.70it/s]
Evaluating:  44%|████▍     | 11/25 [00:05<00:05,  2.72it/s]
Evaluating:  48%|████▊     | 12/25 [00:05<00:04,  2.76it/s]
Evaluating:  52%|█████▏    | 13/25 [00:05<00:04,  2.76it/s]
Evaluating:  56%|█████▌    | 14/25 [00:06<00:03,  2.75it/s]
Evaluating:  60%|██████    | 15/25 [00:06<00:03,  2.78it/s]
Evaluating:  64%|██████▍   | 16/25 [00:06<00:03,  2.80it/s]
Evaluating:  68%|██████▊   | 17/25 [00:07<00:02,  2.81it/s]
Evaluating:  72%|███████▏  | 18/25 [00:07<00:02,  2.82it/s]
Evaluating:  76%|███████▌  | 19/25 [00:07<00:02,  2.83it/s]
Evaluating:  80%|████████  | 20/25 [00:08<00:01,  2.83it/s]
Evaluating:  84%|████████▍ | 21/25 [00:08<00:01,  2.84it/s]
Evaluating:  88%|████████▊ | 22/25 [00:09<00:01,  2.84it/s]
Evaluating:  92%|█████████▏| 23/25 [00:09<00:00,  2.84it/s]
Evaluating:  96%|█████████▌| 24/25 [00:09<00:00,  2.84it/s]
Evaluating: 100%|██████████| 25/25 [00:09<00:00,  3.23it/s]
                                                           
Replace Attribute: 79.06%

============================================================
Evaluating: Replace Relation
============================================================
Loaded 1406 samples for replace_rel

Evaluating:   0%|          | 0/44 [00:00<?, ?it/s]
Evaluating:   2%|▏         | 1/44 [00:01<00:43,  1.01s/it]
Evaluating:   5%|▍         | 2/44 [00:01<00:28,  1.49it/s]
Evaluating:   7%|▋         | 3/44 [00:01<00:22,  1.84it/s]
Evaluating:   9%|▉         | 4/44 [00:02<00:18,  2.14it/s]
Evaluating:  11%|█▏        | 5/44 [00:02<00:16,  2.35it/s]
Evaluating:  14%|█▎        | 6/44 [00:02<00:15,  2.50it/s]
Evaluating:  16%|█▌        | 7/44 [00:03<00:14,  2.60it/s]
Evaluating:  18%|█▊        | 8/44 [00:03<00:13,  2.67it/s]
Evaluating:  20%|██        | 9/44 [00:03<00:12,  2.72it/s]
Evaluating:  23%|██▎       | 10/44 [00:04<00:12,  2.76it/s]
Evaluating:  25%|██▌       | 11/44 [00:04<00:11,  2.78it/s]
Evaluating:  27%|██▋       | 12/44 [00:05<00:11,  2.80it/s]
Evaluating:  30%|██▉       | 13/44 [00:05<00:11,  2.81it/s]
Evaluating:  32%|███▏      | 14/44 [00:05<00:10,  2.82it/s]
Evaluating:  34%|███▍      | 15/44 [00:06<00:10,  2.82it/s]
Evaluating:  36%|███▋      | 16/44 [00:06<00:09,  2.83it/s]
Evaluating:  39%|███▊      | 17/44 [00:06<00:09,  2.83it/s]
Evaluating:  41%|████      | 18/44 [00:07<00:09,  2.83it/s]
Evaluating:  43%|████▎     | 19/44 [00:07<00:08,  2.83it/s]
Evaluating:  45%|████▌     | 20/44 [00:07<00:08,  2.83it/s]
Evaluating:  48%|████▊     | 21/44 [00:08<00:08,  2.83it/s]
Evaluating:  50%|█████     | 22/44 [00:08<00:07,  2.84it/s]
Evaluating:  52%|█████▏    | 23/44 [00:08<00:07,  2.84it/s]
Evaluating:  55%|█████▍    | 24/44 [00:09<00:07,  2.84it/s]
Evaluating:  57%|█████▋    | 25/44 [00:09<00:06,  2.84it/s]
Evaluating:  59%|█████▉    | 26/44 [00:09<00:06,  2.84it/s]
Evaluating:  61%|██████▏   | 27/44 [00:10<00:05,  2.84it/s]
Evaluating:  64%|██████▎   | 28/44 [00:10<00:05,  2.84it/s]
Evaluating:  66%|██████▌   | 29/44 [00:10<00:05,  2.84it/s]
Evaluating:  68%|██████▊   | 30/44 [00:11<00:04,  2.84it/s]
Evaluating:  70%|███████   | 31/44 [00:11<00:04,  2.84it/s]
Evaluating:  73%|███████▎  | 32/44 [00:12<00:04,  2.83it/s]
Evaluating:  75%|███████▌  | 33/44 [00:12<00:03,  2.78it/s]
Evaluating:  77%|███████▋  | 34/44 [00:12<00:03,  2.80it/s]
Evaluating:  80%|███████▉  | 35/44 [00:13<00:03,  2.81it/s]
Evaluating:  82%|████████▏ | 36/44 [00:13<00:02,  2.82it/s]
Evaluating:  84%|████████▍ | 37/44 [00:13<00:02,  2.83it/s]
Evaluating:  86%|████████▋ | 38/44 [00:14<00:02,  2.83it/s]
Evaluating:  89%|████████▊ | 39/44 [00:14<00:01,  2.84it/s]
Evaluating:  91%|█████████ | 40/44 [00:14<00:01,  2.84it/s]
Evaluating:  93%|█████████▎| 41/44 [00:15<00:01,  2.84it/s]
Evaluating:  95%|█████████▌| 42/44 [00:15<00:00,  2.84it/s]
Evaluating:  98%|█████████▊| 43/44 [00:15<00:00,  2.84it/s]
Evaluating: 100%|██████████| 44/44 [00:16<00:00,  2.89it/s]
                                                           
Replace Relation: 65.01%

============================================================
Evaluating: Add Object
============================================================
Loaded 2062 samples for add_obj

Evaluating:   0%|          | 0/65 [00:00<?, ?it/s]
Evaluating:   2%|▏         | 1/65 [00:01<01:36,  1.50s/it]
Evaluating:   3%|▎         | 2/65 [00:01<00:52,  1.19it/s]
Evaluating:   5%|▍         | 3/65 [00:02<00:38,  1.62it/s]
Evaluating:   6%|▌         | 4/65 [00:02<00:31,  1.95it/s]
Evaluating:   8%|▊         | 5/65 [00:02<00:27,  2.20it/s]
Evaluating:   9%|▉         | 6/65 [00:03<00:24,  2.38it/s]
Evaluating:  11%|█         | 7/65 [00:03<00:23,  2.51it/s]
Evaluating:  12%|█▏        | 8/65 [00:03<00:21,  2.61it/s]
Evaluating:  14%|█▍        | 9/65 [00:04<00:20,  2.68it/s]
Evaluating:  15%|█▌        | 10/65 [00:04<00:20,  2.73it/s]
Evaluating:  17%|█▋        | 11/65 [00:05<00:19,  2.76it/s]
Evaluating:  18%|█▊        | 12/65 [00:05<00:19,  2.78it/s]
Evaluating:  20%|██        | 13/65 [00:05<00:18,  2.80it/s]
Evaluating:  22%|██▏       | 14/65 [00:06<00:18,  2.81it/s]
Evaluating:  23%|██▎       | 15/65 [00:06<00:17,  2.82it/s]
Evaluating:  25%|██▍       | 16/65 [00:06<00:17,  2.82it/s]
Evaluating:  26%|██▌       | 17/65 [00:07<00:16,  2.83it/s]
Evaluating:  28%|██▊       | 18/65 [00:07<00:16,  2.82it/s]
Evaluating:  29%|██▉       | 19/65 [00:07<00:16,  2.83it/s]
Evaluating:  31%|███       | 20/65 [00:08<00:15,  2.83it/s]
Evaluating:  32%|███▏      | 21/65 [00:08<00:15,  2.83it/s]
Evaluating:  34%|███▍      | 22/65 [00:08<00:15,  2.84it/s]
Evaluating:  35%|███▌      | 23/65 [00:09<00:14,  2.84it/s]
Evaluating:  37%|███▋      | 24/65 [00:09<00:14,  2.84it/s]
Evaluating:  38%|███▊      | 25/65 [00:09<00:14,  2.84it/s]
Evaluating:  40%|████      | 26/65 [00:10<00:13,  2.84it/s]
Evaluating:  42%|████▏     | 27/65 [00:10<00:13,  2.82it/s]
Evaluating:  43%|████▎     | 28/65 [00:11<00:13,  2.83it/s]
Evaluating:  45%|████▍     | 29/65 [00:11<00:12,  2.83it/s]
Evaluating:  46%|████▌     | 30/65 [00:11<00:12,  2.83it/s]
Evaluating:  48%|████▊     | 31/65 [00:12<00:12,  2.83it/s]
Evaluating:  49%|████▉     | 32/65 [00:12<00:11,  2.83it/s]
Evaluating:  51%|█████     | 33/65 [00:12<00:11,  2.83it/s]
Evaluating:  52%|█████▏    | 34/65 [00:13<00:10,  2.83it/s]
Evaluating:  54%|█████▍    | 35/65 [00:13<00:10,  2.83it/s]
Evaluating:  55%|█████▌    | 36/65 [00:13<00:10,  2.83it/s]
Evaluating:  57%|█████▋    | 37/65 [00:14<00:09,  2.84it/s]
Evaluating:  58%|█████▊    | 38/65 [00:14<00:09,  2.84it/s]
Evaluating:  60%|██████    | 39/65 [00:14<00:09,  2.84it/s]
Evaluating:  62%|██████▏   | 40/65 [00:15<00:08,  2.83it/s]
Evaluating:  63%|██████▎   | 41/65 [00:15<00:08,  2.83it/s]
Evaluating:  65%|██████▍   | 42/65 [00:15<00:08,  2.84it/s]
Evaluating:  66%|██████▌   | 43/65 [00:16<00:07,  2.84it/s]
Evaluating:  68%|██████▊   | 44/65 [00:16<00:07,  2.84it/s]
Evaluating:  69%|██████▉   | 45/65 [00:17<00:07,  2.83it/s]
Evaluating:  71%|███████   | 46/65 [00:17<00:06,  2.83it/s]
Evaluating:  72%|███████▏  | 47/65 [00:17<00:06,  2.84it/s]
Evaluating:  74%|███████▍  | 48/65 [00:18<00:06,  2.83it/s]
Evaluating:  75%|███████▌  | 49/65 [00:18<00:05,  2.83it/s]
Evaluating:  77%|███████▋  | 50/65 [00:18<00:05,  2.83it/s]
Evaluating:  78%|███████▊  | 51/65 [00:19<00:04,  2.83it/s]
Evaluating:  80%|████████  | 52/65 [00:19<00:04,  2.83it/s]
Evaluating:  82%|████████▏ | 53/65 [00:19<00:04,  2.83it/s]
Evaluating:  83%|████████▎ | 54/65 [00:20<00:03,  2.83it/s]
Evaluating:  85%|████████▍ | 55/65 [00:20<00:03,  2.83it/s]
Evaluating:  86%|████████▌ | 56/65 [00:20<00:03,  2.83it/s]
Evaluating:  88%|████████▊ | 57/65 [00:21<00:02,  2.83it/s]
Evaluating:  89%|████████▉ | 58/65 [00:21<00:02,  2.83it/s]
Evaluating:  91%|█████████ | 59/65 [00:21<00:02,  2.84it/s]
Evaluating:  92%|█████████▏| 60/65 [00:22<00:01,  2.84it/s]
Evaluating:  94%|█████████▍| 61/65 [00:22<00:01,  2.84it/s]
Evaluating:  95%|█████████▌| 62/65 [00:23<00:01,  2.84it/s]
Evaluating:  97%|█████████▋| 63/65 [00:23<00:00,  2.84it/s]
Evaluating:  98%|█████████▊| 64/65 [00:23<00:00,  2.84it/s]
Evaluating: 100%|██████████| 65/65 [00:23<00:00,  3.44it/s]
                                                           
Add Object: 78.32%

============================================================
Evaluating: Add Attribute
============================================================
Loaded 692 samples for add_att

Evaluating:   0%|          | 0/22 [00:00<?, ?it/s]
Evaluating:   5%|▍         | 1/22 [00:01<00:33,  1.62s/it]
Evaluating:   9%|▉         | 2/22 [00:01<00:17,  1.13it/s]
Evaluating:  14%|█▎        | 3/22 [00:02<00:12,  1.53it/s]
Evaluating:  18%|█▊        | 4/22 [00:02<00:09,  1.87it/s]
Evaluating:  23%|██▎       | 5/22 [00:03<00:07,  2.13it/s]
Evaluating:  27%|██▋       | 6/22 [00:03<00:06,  2.33it/s]
Evaluating:  32%|███▏      | 7/22 [00:03<00:06,  2.47it/s]
Evaluating:  36%|███▋      | 8/22 [00:04<00:05,  2.57it/s]
Evaluating:  41%|████      | 9/22 [00:04<00:04,  2.65it/s]
Evaluating:  45%|████▌     | 10/22 [00:04<00:04,  2.70it/s]
Evaluating:  50%|█████     | 11/22 [00:05<00:04,  2.74it/s]
Evaluating:  55%|█████▍    | 12/22 [00:05<00:03,  2.76it/s]
Evaluating:  59%|█████▉    | 13/22 [00:05<00:03,  2.79it/s]
Evaluating:  64%|██████▎   | 14/22 [00:06<00:02,  2.80it/s]
Evaluating:  68%|██████▊   | 15/22 [00:06<00:02,  2.81it/s]
Evaluating:  73%|███████▎  | 16/22 [00:06<00:02,  2.82it/s]
Evaluating:  77%|███████▋  | 17/22 [00:07<00:01,  2.82it/s]
Evaluating:  82%|████████▏ | 18/22 [00:07<00:01,  2.83it/s]
Evaluating:  86%|████████▋ | 19/22 [00:08<00:01,  2.83it/s]
Evaluating:  91%|█████████ | 20/22 [00:08<00:00,  2.83it/s]
Evaluating:  95%|█████████▌| 21/22 [00:08<00:00,  2.84it/s]
Evaluating: 100%|██████████| 22/22 [00:08<00:00,  3.23it/s]
                                                           
Add Attribute: 71.39%

============================================================
Evaluating: Swap Object
============================================================
Loaded 245 samples for swap_obj

Evaluating:   0%|          | 0/8 [00:00<?, ?it/s]
Evaluating:  12%|█▎        | 1/8 [00:01<00:12,  1.75s/it]
Evaluating:  25%|██▌       | 2/8 [00:02<00:05,  1.07it/s]
Evaluating:  38%|███▊      | 3/8 [00:02<00:03,  1.49it/s]
Evaluating:  50%|█████     | 4/8 [00:02<00:02,  1.84it/s]
Evaluating:  62%|██████▎   | 5/8 [00:03<00:01,  2.11it/s]
Evaluating:  75%|███████▌  | 6/8 [00:03<00:00,  2.31it/s]
Evaluating:  88%|████████▊ | 7/8 [00:03<00:00,  2.46it/s]
Evaluating: 100%|██████████| 8/8 [00:04<00:00,  2.87it/s]
                                                         
Swap Object: 60.00%

============================================================
Evaluating: Swap Attribute
============================================================
Loaded 666 samples for swap_att

Evaluating:   0%|          | 0/21 [00:00<?, ?it/s]
Evaluating:   5%|▍         | 1/21 [00:01<00:30,  1.55s/it]
Evaluating:  10%|▉         | 2/21 [00:01<00:16,  1.18it/s]
Evaluating:  14%|█▍        | 3/21 [00:02<00:11,  1.60it/s]
Evaluating:  19%|█▉        | 4/21 [00:02<00:08,  1.93it/s]
Evaluating:  24%|██▍       | 5/21 [00:02<00:07,  2.18it/s]
Evaluating:  29%|██▊       | 6/21 [00:03<00:06,  2.37it/s]
Evaluating:  33%|███▎      | 7/21 [00:03<00:05,  2.50it/s]
Evaluating:  38%|███▊      | 8/21 [00:04<00:04,  2.60it/s]
Evaluating:  43%|████▎     | 9/21 [00:04<00:04,  2.67it/s]
Evaluating:  48%|████▊     | 10/21 [00:04<00:04,  2.72it/s]
Evaluating:  52%|█████▏    | 11/21 [00:05<00:03,  2.74it/s]
Evaluating:  57%|█████▋    | 12/21 [00:05<00:03,  2.77it/s]
Evaluating:  62%|██████▏   | 13/21 [00:05<00:02,  2.68it/s]
Evaluating:  67%|██████▋   | 14/21 [00:06<00:02,  2.65it/s]
Evaluating:  71%|███████▏  | 15/21 [00:06<00:02,  2.70it/s]
Evaluating:  76%|███████▌  | 16/21 [00:06<00:01,  2.74it/s]
Evaluating:  81%|████████  | 17/21 [00:07<00:01,  2.77it/s]
Evaluating:  86%|████████▌ | 18/21 [00:07<00:01,  2.79it/s]
Evaluating:  90%|█████████ | 19/21 [00:07<00:00,  2.81it/s]
Evaluating:  95%|█████████▌| 20/21 [00:08<00:00,  2.82it/s]
Evaluating: 100%|██████████| 21/21 [00:08<00:00,  2.99it/s]
                                                           
Swap Attribute: 62.16%

############################################################
Evaluating: CoN-CLIP-ViT-L/14
############################################################
Loading CLIP base model: ViT-L/14
Loading checkpoint from /home/pankaja/ENTC/Sem5/CoN-CLIP-Project/checkpoints/conclip_l14/ckpt_5_conclip_l14.pt

============================================================
Evaluating: Replace Object
============================================================
Loaded 1652 samples for replace_obj

Evaluating:   0%|          | 0/52 [00:00<?, ?it/s]
Evaluating:   2%|▏         | 1/52 [00:01<01:32,  1.81s/it]
Evaluating:   4%|▍         | 2/52 [00:02<01:06,  1.33s/it]
Evaluating:   6%|▌         | 3/52 [00:03<00:57,  1.17s/it]
Evaluating:   8%|▊         | 4/52 [00:04<00:52,  1.10s/it]
Evaluating:  10%|▉         | 5/52 [00:05<00:49,  1.06s/it]
Evaluating:  12%|█▏        | 6/52 [00:06<00:47,  1.03s/it]
Evaluating:  13%|█▎        | 7/52 [00:07<00:45,  1.02s/it]
Evaluating:  15%|█▌        | 8/52 [00:08<00:44,  1.01s/it]
Evaluating:  17%|█▋        | 9/52 [00:09<00:43,  1.00s/it]
Evaluating:  19%|█▉        | 10/52 [00:10<00:41,  1.00it/s]
Evaluating:  21%|██        | 11/52 [00:11<00:40,  1.00it/s]
Evaluating:  23%|██▎       | 12/52 [00:12<00:39,  1.01it/s]
Evaluating:  25%|██▌       | 13/52 [00:13<00:38,  1.01it/s]
Evaluating:  27%|██▋       | 14/52 [00:14<00:37,  1.01it/s]
Evaluating:  29%|██▉       | 15/52 [00:15<00:36,  1.01it/s]
Evaluating:  31%|███       | 16/52 [00:16<00:35,  1.01it/s]
Evaluating:  33%|███▎      | 17/52 [00:17<00:34,  1.01it/s]
Evaluating:  35%|███▍      | 18/52 [00:18<00:33,  1.01it/s]
Evaluating:  37%|███▋      | 19/52 [00:19<00:32,  1.01it/s]
Evaluating:  38%|███▊      | 20/52 [00:20<00:31,  1.01it/s]
Evaluating:  40%|████      | 21/52 [00:21<00:30,  1.01it/s]
Evaluating:  42%|████▏     | 22/52 [00:22<00:29,  1.01it/s]
Evaluating:  44%|████▍     | 23/52 [00:23<00:28,  1.01it/s]
Evaluating:  46%|████▌     | 24/52 [00:24<00:27,  1.01it/s]
Evaluating:  48%|████▊     | 25/52 [00:25<00:26,  1.01it/s]
Evaluating:  50%|█████     | 26/52 [00:26<00:25,  1.01it/s]
Evaluating:  52%|█████▏    | 27/52 [00:27<00:24,  1.01it/s]
Evaluating:  54%|█████▍    | 28/52 [00:28<00:23,  1.01it/s]
Evaluating:  56%|█████▌    | 29/52 [00:29<00:22,  1.01it/s]
Evaluating:  58%|█████▊    | 30/52 [00:30<00:21,  1.02it/s]
Evaluating:  60%|█████▉    | 31/52 [00:31<00:20,  1.02it/s]
Evaluating:  62%|██████▏   | 32/52 [00:32<00:19,  1.02it/s]
Evaluating:  63%|██████▎   | 33/52 [00:33<00:18,  1.02it/s]
Evaluating:  65%|██████▌   | 34/52 [00:34<00:17,  1.02it/s]
Evaluating:  67%|██████▋   | 35/52 [00:35<00:16,  1.02it/s]
Evaluating:  69%|██████▉   | 36/52 [00:36<00:15,  1.02it/s]
Evaluating:  71%|███████   | 37/52 [00:37<00:14,  1.02it/s]
Evaluating:  73%|███████▎  | 38/52 [00:38<00:13,  1.02it/s]
Evaluating:  75%|███████▌  | 39/52 [00:39<00:12,  1.02it/s]
Evaluating:  77%|███████▋  | 40/52 [00:40<00:11,  1.02it/s]
Evaluating:  79%|███████▉  | 41/52 [00:41<00:10,  1.01it/s]
Evaluating:  81%|████████  | 42/52 [00:42<00:10,  1.01s/it]
Evaluating:  83%|████████▎ | 43/52 [00:43<00:09,  1.00s/it]
Evaluating:  85%|████████▍ | 44/52 [00:44<00:07,  1.00it/s]
Evaluating:  87%|████████▋ | 45/52 [00:45<00:06,  1.00it/s]
Evaluating:  88%|████████▊ | 46/52 [00:46<00:06,  1.00s/it]
Evaluating:  90%|█████████ | 47/52 [00:47<00:05,  1.01s/it]
Evaluating:  92%|█████████▏| 48/52 [00:48<00:04,  1.03s/it]
Evaluating:  94%|█████████▍| 49/52 [00:49<00:03,  1.02s/it]
Evaluating:  96%|█████████▌| 50/52 [00:50<00:02,  1.02s/it]
Evaluating:  98%|█████████▊| 51/52 [00:51<00:01,  1.03s/it]
Evaluating: 100%|██████████| 52/52 [00:52<00:00,  1.10it/s]
                                                           
Replace Object: 94.98%

============================================================
Evaluating: Replace Attribute
============================================================
Loaded 788 samples for replace_att

Evaluating:   0%|          | 0/25 [00:00<?, ?it/s]
Evaluating:   4%|▍         | 1/25 [00:02<00:52,  2.19s/it]
Evaluating:   8%|▊         | 2/25 [00:03<00:34,  1.49s/it]
Evaluating:  12%|█▏        | 3/25 [00:04<00:28,  1.28s/it]
Evaluating:  16%|█▌        | 4/25 [00:05<00:24,  1.17s/it]
Evaluating:  20%|██        | 5/25 [00:06<00:22,  1.11s/it]
Evaluating:  24%|██▍       | 6/25 [00:07<00:20,  1.07s/it]
Evaluating:  28%|██▊       | 7/25 [00:08<00:18,  1.04s/it]
Evaluating:  32%|███▏      | 8/25 [00:09<00:17,  1.03s/it]
Evaluating:  36%|███▌      | 9/25 [00:10<00:16,  1.02s/it]
Evaluating:  40%|████      | 10/25 [00:11<00:15,  1.01s/it]
Evaluating:  44%|████▍     | 11/25 [00:12<00:14,  1.01s/it]
Evaluating:  48%|████▊     | 12/25 [00:13<00:13,  1.00s/it]
Evaluating:  52%|█████▏    | 13/25 [00:14<00:12,  1.00s/it]
Evaluating:  56%|█████▌    | 14/25 [00:15<00:10,  1.00it/s]
Evaluating:  60%|██████    | 15/25 [00:16<00:09,  1.00it/s]
Evaluating:  64%|██████▍   | 16/25 [00:17<00:08,  1.00it/s]
Evaluating:  68%|██████▊   | 17/25 [00:18<00:07,  1.00it/s]
Evaluating:  72%|███████▏  | 18/25 [00:19<00:06,  1.00it/s]
Evaluating:  76%|███████▌  | 19/25 [00:20<00:05,  1.00it/s]
Evaluating:  80%|████████  | 20/25 [00:21<00:04,  1.00it/s]
Evaluating:  84%|████████▍ | 21/25 [00:22<00:03,  1.00it/s]
Evaluating:  88%|████████▊ | 22/25 [00:23<00:02,  1.00it/s]
Evaluating:  92%|█████████▏| 23/25 [00:24<00:01,  1.00it/s]
Evaluating:  96%|█████████▌| 24/25 [00:25<00:00,  1.00it/s]
Evaluating: 100%|██████████| 25/25 [00:25<00:00,  1.13it/s]
                                                           
Replace Attribute: 81.22%

============================================================
Evaluating: Replace Relation
============================================================
Loaded 1406 samples for replace_rel

Evaluating:   0%|          | 0/44 [00:00<?, ?it/s]
Evaluating:   2%|▏         | 1/44 [00:02<01:46,  2.48s/it]
Evaluating:   5%|▍         | 2/44 [00:03<01:07,  1.61s/it]
Evaluating:   7%|▋         | 3/44 [00:04<00:54,  1.33s/it]
Evaluating:   9%|▉         | 4/44 [00:05<00:47,  1.19s/it]
Evaluating:  11%|█▏        | 5/44 [00:06<00:43,  1.12s/it]
Evaluating:  14%|█▎        | 6/44 [00:07<00:40,  1.08s/it]
Evaluating:  16%|█▌        | 7/44 [00:08<00:38,  1.05s/it]
Evaluating:  18%|█▊        | 8/44 [00:09<00:37,  1.04s/it]
Evaluating:  20%|██        | 9/44 [00:10<00:36,  1.05s/it]
Evaluating:  23%|██▎       | 10/44 [00:11<00:35,  1.05s/it]
Evaluating:  25%|██▌       | 11/44 [00:12<00:34,  1.04s/it]
Evaluating:  27%|██▋       | 12/44 [00:13<00:32,  1.02s/it]
Evaluating:  30%|██▉       | 13/44 [00:14<00:31,  1.02s/it]
Evaluating:  32%|███▏      | 14/44 [00:15<00:30,  1.02s/it]
Evaluating:  34%|███▍      | 15/44 [00:16<00:30,  1.04s/it]
Evaluating:  36%|███▋      | 16/44 [00:17<00:29,  1.04s/it]
Evaluating:  39%|███▊      | 17/44 [00:18<00:27,  1.04s/it]
Evaluating:  41%|████      | 18/44 [00:19<00:26,  1.03s/it]
Evaluating:  43%|████▎     | 19/44 [00:20<00:25,  1.02s/it]
Evaluating:  45%|████▌     | 20/44 [00:21<00:24,  1.03s/it]
Evaluating:  48%|████▊     | 21/44 [00:22<00:23,  1.02s/it]
Evaluating:  50%|█████     | 22/44 [00:23<00:22,  1.02s/it]
Evaluating:  52%|█████▏    | 23/44 [00:24<00:21,  1.01s/it]
Evaluating:  55%|█████▍    | 24/44 [00:25<00:20,  1.01s/it]
Evaluating:  57%|█████▋    | 25/44 [00:26<00:19,  1.01s/it]
Evaluating:  59%|█████▉    | 26/44 [00:27<00:18,  1.01s/it]
Evaluating:  61%|██████▏   | 27/44 [00:28<00:17,  1.00s/it]
Evaluating:  64%|██████▎   | 28/44 [00:29<00:16,  1.00s/it]
Evaluating:  66%|██████▌   | 29/44 [00:30<00:15,  1.00s/it]
Evaluating:  68%|██████▊   | 30/44 [00:31<00:14,  1.00s/it]
Evaluating:  70%|███████   | 31/44 [00:32<00:13,  1.02s/it]
Evaluating:  73%|███████▎  | 32/44 [00:34<00:12,  1.05s/it]
Evaluating:  75%|███████▌  | 33/44 [00:35<00:11,  1.04s/it]
Evaluating:  77%|███████▋  | 34/44 [00:36<00:10,  1.03s/it]
Evaluating:  80%|███████▉  | 35/44 [00:37<00:09,  1.02s/it]
Evaluating:  82%|████████▏ | 36/44 [00:38<00:08,  1.01s/it]
Evaluating:  84%|████████▍ | 37/44 [00:39<00:07,  1.01s/it]
Evaluating:  86%|████████▋ | 38/44 [00:40<00:06,  1.01s/it]
Evaluating:  89%|████████▊ | 39/44 [00:41<00:05,  1.00s/it]
Evaluating:  91%|█████████ | 40/44 [00:42<00:04,  1.00s/it]
Evaluating:  93%|█████████▎| 41/44 [00:43<00:03,  1.00s/it]
Evaluating:  95%|█████████▌| 42/44 [00:44<00:02,  1.00s/it]
Evaluating:  98%|█████████▊| 43/44 [00:45<00:01,  1.00s/it]
Evaluating: 100%|██████████| 44/44 [00:45<00:00,  1.02it/s]
                                                           
Replace Relation: 67.28%

============================================================
Evaluating: Add Object
============================================================
Loaded 2062 samples for add_obj

Evaluating:   0%|          | 0/65 [00:00<?, ?it/s]
Evaluating:   2%|▏         | 1/65 [00:02<02:55,  2.75s/it]
Evaluating:   3%|▎         | 2/65 [00:03<01:48,  1.73s/it]
Evaluating:   5%|▍         | 3/65 [00:04<01:26,  1.39s/it]
Evaluating:   6%|▌         | 4/65 [00:05<01:15,  1.24s/it]
Evaluating:   8%|▊         | 5/65 [00:06<01:08,  1.15s/it]
Evaluating:   9%|▉         | 6/65 [00:07<01:04,  1.10s/it]
Evaluating:  11%|█         | 7/65 [00:08<01:01,  1.06s/it]
Evaluating:  12%|█▏        | 8/65 [00:09<00:59,  1.04s/it]
Evaluating:  14%|█▍        | 9/65 [00:10<00:57,  1.03s/it]
Evaluating:  15%|█▌        | 10/65 [00:11<00:55,  1.02s/it]
Evaluating:  17%|█▋        | 11/65 [00:12<00:54,  1.01s/it]
Evaluating:  18%|█▊        | 12/65 [00:13<00:53,  1.00s/it]
Evaluating:  20%|██        | 13/65 [00:14<00:52,  1.00s/it]
Evaluating:  22%|██▏       | 14/65 [00:15<00:50,  1.00it/s]
Evaluating:  23%|██▎       | 15/65 [00:16<00:49,  1.00it/s]
Evaluating:  25%|██▍       | 16/65 [00:17<00:48,  1.00it/s]
Evaluating:  26%|██▌       | 17/65 [00:18<00:47,  1.00it/s]
Evaluating:  28%|██▊       | 18/65 [00:19<00:46,  1.00it/s]
Evaluating:  29%|██▉       | 19/65 [00:20<00:46,  1.00s/it]
Evaluating:  31%|███       | 20/65 [00:21<00:45,  1.01s/it]
Evaluating:  32%|███▏      | 21/65 [00:22<00:45,  1.03s/it]
Evaluating:  34%|███▍      | 22/65 [00:23<00:44,  1.03s/it]
Evaluating:  35%|███▌      | 23/65 [00:24<00:43,  1.04s/it]
Evaluating:  37%|███▋      | 24/65 [00:25<00:42,  1.03s/it]
Evaluating:  38%|███▊      | 25/65 [00:26<00:41,  1.03s/it]
Evaluating:  40%|████      | 26/65 [00:27<00:39,  1.02s/it]
Evaluating:  42%|████▏     | 27/65 [00:28<00:38,  1.02s/it]
Evaluating:  43%|████▎     | 28/65 [00:29<00:37,  1.02s/it]
Evaluating:  45%|████▍     | 29/65 [00:31<00:37,  1.03s/it]
Evaluating:  46%|████▌     | 30/65 [00:32<00:35,  1.02s/it]
Evaluating:  48%|████▊     | 31/65 [00:33<00:34,  1.01s/it]
Evaluating:  49%|████▉     | 32/65 [00:34<00:33,  1.01s/it]
Evaluating:  51%|█████     | 33/65 [00:35<00:32,  1.00s/it]
Evaluating:  52%|█████▏    | 34/65 [00:36<00:31,  1.00s/it]
Evaluating:  54%|█████▍    | 35/65 [00:36<00:30,  1.00s/it]
Evaluating:  55%|█████▌    | 36/65 [00:37<00:28,  1.00it/s]
Evaluating:  57%|█████▋    | 37/65 [00:38<00:27,  1.00it/s]
Evaluating:  58%|█████▊    | 38/65 [00:39<00:26,  1.00it/s]
Evaluating:  60%|██████    | 39/65 [00:40<00:25,  1.00it/s]
Evaluating:  62%|██████▏   | 40/65 [00:41<00:24,  1.00it/s]
Evaluating:  63%|██████▎   | 41/65 [00:42<00:23,  1.00it/s]
Evaluating:  65%|██████▍   | 42/65 [00:43<00:22,  1.00it/s]
Evaluating:  66%|██████▌   | 43/65 [00:44<00:21,  1.00it/s]
Evaluating:  68%|██████▊   | 44/65 [00:45<00:20,  1.00it/s]
Evaluating:  69%|██████▉   | 45/65 [00:46<00:19,  1.00it/s]
Evaluating:  71%|███████   | 46/65 [00:47<00:18,  1.00it/s]
Evaluating:  72%|███████▏  | 47/65 [00:48<00:17,  1.00it/s]
Evaluating:  74%|███████▍  | 48/65 [00:49<00:16,  1.00it/s]
Evaluating:  75%|███████▌  | 49/65 [00:50<00:15,  1.00it/s]
Evaluating:  77%|███████▋  | 50/65 [00:51<00:14,  1.00it/s]
Evaluating:  78%|███████▊  | 51/65 [00:52<00:13,  1.00it/s]
Evaluating:  80%|████████  | 52/65 [00:53<00:12,  1.00it/s]
Evaluating:  82%|████████▏ | 53/65 [00:54<00:11,  1.00it/s]
Evaluating:  83%|████████▎ | 54/65 [00:55<00:10,  1.00it/s]
Evaluating:  85%|████████▍ | 55/65 [00:56<00:09,  1.00it/s]
Evaluating:  86%|████████▌ | 56/65 [00:57<00:08,  1.00it/s]
Evaluating:  88%|████████▊ | 57/65 [00:58<00:07,  1.00it/s]
Evaluating:  89%|████████▉ | 58/65 [00:59<00:06,  1.00it/s]
Evaluating:  91%|█████████ | 59/65 [01:00<00:05,  1.00it/s]
Evaluating:  92%|█████████▏| 60/65 [01:01<00:04,  1.00it/s]
Evaluating:  94%|█████████▍| 61/65 [01:02<00:03,  1.00it/s]
Evaluating:  95%|█████████▌| 62/65 [01:03<00:02,  1.00it/s]
Evaluating:  97%|█████████▋| 63/65 [01:04<00:01,  1.00it/s]
Evaluating:  98%|█████████▊| 64/65 [01:05<00:00,  1.00it/s]
Evaluating: 100%|██████████| 65/65 [01:06<00:00,  1.19it/s]
                                                           
Add Object: 88.70%

============================================================
Evaluating: Add Attribute
============================================================
Loaded 692 samples for add_att

Evaluating:   0%|          | 0/22 [00:00<?, ?it/s]
Evaluating:   5%|▍         | 1/22 [00:02<00:59,  2.85s/it]
Evaluating:   9%|▉         | 2/22 [00:03<00:35,  1.76s/it]
Evaluating:  14%|█▎        | 3/22 [00:04<00:26,  1.41s/it]
Evaluating:  18%|█▊        | 4/22 [00:05<00:22,  1.25s/it]
Evaluating:  23%|██▎       | 5/22 [00:06<00:19,  1.16s/it]
Evaluating:  27%|██▋       | 6/22 [00:07<00:17,  1.10s/it]
Evaluating:  32%|███▏      | 7/22 [00:08<00:16,  1.07s/it]
Evaluating:  36%|███▋      | 8/22 [00:09<00:14,  1.04s/it]
Evaluating:  41%|████      | 9/22 [00:10<00:13,  1.03s/it]
Evaluating:  45%|████▌     | 10/22 [00:11<00:12,  1.02s/it]
Evaluating:  50%|█████     | 11/22 [00:12<00:11,  1.01s/it]
Evaluating:  55%|█████▍    | 12/22 [00:13<00:10,  1.01s/it]
Evaluating:  59%|█████▉    | 13/22 [00:14<00:09,  1.00s/it]
Evaluating:  64%|██████▎   | 14/22 [00:15<00:08,  1.00s/it]
Evaluating:  68%|██████▊   | 15/22 [00:16<00:07,  1.00s/it]
Evaluating:  73%|███████▎  | 16/22 [00:17<00:05,  1.00it/s]
Evaluating:  77%|███████▋  | 17/22 [00:18<00:04,  1.00it/s]
Evaluating:  82%|████████▏ | 18/22 [00:19<00:03,  1.00it/s]
Evaluating:  86%|████████▋ | 19/22 [00:20<00:02,  1.00it/s]
Evaluating:  91%|█████████ | 20/22 [00:21<00:01,  1.00it/s]
Evaluating:  95%|█████████▌| 21/22 [00:22<00:00,  1.00it/s]
Evaluating: 100%|██████████| 22/22 [00:23<00:00,  1.12it/s]
                                                           
Add Attribute: 76.45%

============================================================
Evaluating: Swap Object
============================================================
Loaded 245 samples for swap_obj

Evaluating:   0%|          | 0/8 [00:00<?, ?it/s]
Evaluating:  12%|█▎        | 1/8 [00:02<00:18,  2.61s/it]
Evaluating:  25%|██▌       | 2/8 [00:03<00:09,  1.66s/it]
Evaluating:  38%|███▊      | 3/8 [00:04<00:06,  1.36s/it]
Evaluating:  50%|█████     | 4/8 [00:05<00:04,  1.21s/it]
Evaluating:  62%|██████▎   | 5/8 [00:06<00:03,  1.13s/it]
Evaluating:  75%|███████▌  | 6/8 [00:07<00:02,  1.09s/it]
Evaluating:  88%|████████▊ | 7/8 [00:08<00:01,  1.06s/it]
Evaluating: 100%|██████████| 8/8 [00:09<00:00,  1.08it/s]
                                                         
Swap Object: 63.67%

============================================================
Evaluating: Swap Attribute
============================================================
Loaded 666 samples for swap_att

Evaluating:   0%|          | 0/21 [00:00<?, ?it/s]
Evaluating:   5%|▍         | 1/21 [00:02<00:54,  2.75s/it]
Evaluating:  10%|▉         | 2/21 [00:03<00:32,  1.72s/it]
Evaluating:  14%|█▍        | 3/21 [00:04<00:25,  1.39s/it]
Evaluating:  19%|█▉        | 4/21 [00:05<00:20,  1.23s/it]
Evaluating:  24%|██▍       | 5/21 [00:06<00:18,  1.15s/it]
Evaluating:  29%|██▊       | 6/21 [00:07<00:16,  1.10s/it]
Evaluating:  33%|███▎      | 7/21 [00:08<00:14,  1.06s/it]
Evaluating:  38%|███▊      | 8/21 [00:09<00:13,  1.04s/it]
Evaluating:  43%|████▎     | 9/21 [00:10<00:12,  1.03s/it]
Evaluating:  48%|████▊     | 10/21 [00:11<00:11,  1.02s/it]
Evaluating:  52%|█████▏    | 11/21 [00:12<00:10,  1.01s/it]
Evaluating:  57%|█████▋    | 12/21 [00:13<00:09,  1.01s/it]
Evaluating:  62%|██████▏   | 13/21 [00:14<00:08,  1.00s/it]
Evaluating:  67%|██████▋   | 14/21 [00:15<00:07,  1.00s/it]
Evaluating:  71%|███████▏  | 15/21 [00:16<00:05,  1.00it/s]
Evaluating:  76%|███████▌  | 16/21 [00:17<00:04,  1.00it/s]
Evaluating:  81%|████████  | 17/21 [00:18<00:04,  1.00s/it]
Evaluating:  86%|████████▌ | 18/21 [00:19<00:03,  1.02s/it]
Evaluating:  90%|█████████ | 19/21 [00:20<00:02,  1.01s/it]
Evaluating:  95%|█████████▌| 20/21 [00:21<00:01,  1.01s/it]
Evaluating: 100%|██████████| 21/21 [00:22<00:00,  1.06it/s]
                                                           
Swap Attribute: 62.91%

====================================================================================================
SugarCREPE Evaluation Results (R@1)
====================================================================================================
Model                | Replace                                       | Add                       | Swap                     
                     |       Object    Attribute     Relation |       Object    Attribute |       Object    Attribute
----------------------------------------------------------------------------------------------------
CLIP-ViT-B/32        |       90.80        80.08        68.85 |       76.87        68.50 |       60.41        63.36
CoN-CLIP-ViT-B/32    |       90.86        81.47        66.15 |       84.92        76.73 |       62.45        66.07
CLIP-ViT-B/16        |       93.34        80.71        66.22 |       78.27        66.76 |       60.41        64.11
CoN-CLIP-ViT-B/16    |       93.40        81.22        63.51 |       85.89        79.34 |       63.27        66.22
CLIP-ViT-L/14        |       93.95        79.06        65.01 |       78.32        71.39 |       60.00        62.16
CoN-CLIP-ViT-L/14    |       94.98        81.22        67.28 |       88.70        76.45 |       63.67        62.91
====================================================================================================

Category Averages:
CLIP-ViT-B/32       : Replace=79.91%, Add=72.68%, Swap=61.89%, Overall=72.69%
CoN-CLIP-ViT-B/32   : Replace=79.49%, Add=80.83%, Swap=64.26%, Overall=75.52%
CLIP-ViT-B/16       : Replace=80.09%, Add=72.52%, Swap=62.26%, Overall=72.83%
CoN-CLIP-ViT-B/16   : Replace=79.38%, Add=82.61%, Swap=64.74%, Overall=76.12%
CLIP-ViT-L/14       : Replace=79.34%, Add=74.85%, Swap=61.08%, Overall=72.84%
CoN-CLIP-ViT-L/14   : Replace=81.16%, Add=82.57%, Swap=63.29%, Overall=76.46%

Results saved to /home/pankaja/ENTC/Sem5/CoN-CLIP-Project/logs/sugarcrepe_evaluations/full_comparison_2025-10-20_05-59-35.pt
