
  0%|          | 0/800 [00:00<?, ?it/s]
  0%|          | 0/800 [00:01<?, ?it/s, accuracy=64]
  0%|          | 1/800 [00:01<19:53,  1.49s/it, accuracy=64]
  0%|          | 1/800 [00:02<19:53,  1.49s/it, accuracy=59]
  0%|          | 2/800 [00:02<12:33,  1.06it/s, accuracy=59]
  0%|          | 2/800 [00:02<12:33,  1.06it/s, accuracy=62.7]
  0%|          | 3/800 [00:02<10:13,  1.30it/s, accuracy=62.7]
  0%|          | 3/800 [00:03<10:13,  1.30it/s, accuracy=63.5]
  0%|          | 4/800 [00:03<09:07,  1.45it/s, accuracy=63.5]
  0%|          | 4/800 [00:03<09:07,  1.45it/s, accuracy=66.8]
  1%|          | 5/800 [00:03<08:29,  1.56it/s, accuracy=66.8]
  1%|          | 5/800 [00:04<08:29,  1.56it/s, accuracy=67]  
  1%|          | 6/800 [00:04<08:06,  1.63it/s, accuracy=67]
  1%|          | 6/800 [00:04<08:06,  1.63it/s, accuracy=65.7]
  1%|          | 7/800 [00:04<07:50,  1.68it/s, accuracy=65.7]
  1%|          | 7/800 [00:05<07:50,  1.68it/s, accuracy=66.2]
  1%|          | 8/800 [00:05<07:40,  1.72it/s, accuracy=66.2]
  1%|          | 8/800 [00:05<07:40,  1.72it/s, accuracy=66.9]
  1%|          | 9/800 [00:05<07:33,  1.74it/s, accuracy=66.9]
  1%|          | 9/800 [00:06<07:33,  1.74it/s, accuracy=65.6]
  1%|▏         | 10/800 [00:06<07:29,  1.76it/s, accuracy=65.6]
  1%|▏         | 10/800 [00:07<07:29,  1.76it/s, accuracy=65.5]
  1%|▏         | 11/800 [00:07<07:25,  1.77it/s, accuracy=65.5]
  1%|▏         | 11/800 [00:07<07:25,  1.77it/s, accuracy=66.2]
  2%|▏         | 12/800 [00:07<07:23,  1.78it/s, accuracy=66.2]
  2%|▏         | 12/800 [00:08<07:23,  1.78it/s, accuracy=65.5]
  2%|▏         | 13/800 [00:08<07:21,  1.78it/s, accuracy=65.5]
  2%|▏         | 13/800 [00:08<07:21,  1.78it/s, accuracy=65.4]
  2%|▏         | 14/800 [00:08<07:21,  1.78it/s, accuracy=65.4]
  2%|▏         | 14/800 [00:09<07:21,  1.78it/s, accuracy=65.7]
  2%|▏         | 15/800 [00:09<07:19,  1.78it/s, accuracy=65.7]
  2%|▏         | 15/800 [00:09<07:19,  1.78it/s, accuracy=65.9]
  2%|▏         | 16/800 [00:09<07:18,  1.79it/s, accuracy=65.9]
  2%|▏         | 16/800 [00:10<07:18,  1.79it/s, accuracy=65.6]
  2%|▏         | 17/800 [00:10<07:18,  1.78it/s, accuracy=65.6]
  2%|▏         | 17/800 [00:10<07:18,  1.78it/s, accuracy=65.9]
  2%|▏         | 18/800 [00:10<07:18,  1.78it/s, accuracy=65.9]
  2%|▏         | 18/800 [00:11<07:18,  1.78it/s, accuracy=65.8]
  2%|▏         | 19/800 [00:11<07:17,  1.79it/s, accuracy=65.8]
  2%|▏         | 19/800 [00:12<07:17,  1.79it/s, accuracy=65.8]
  2%|▎         | 20/800 [00:12<07:16,  1.79it/s, accuracy=65.8]
  2%|▎         | 20/800 [00:12<07:16,  1.79it/s, accuracy=65.9]
  3%|▎         | 21/800 [00:12<07:16,  1.79it/s, accuracy=65.9]
  3%|▎         | 21/800 [00:13<07:16,  1.79it/s, accuracy=66.4]
  3%|▎         | 22/800 [00:13<07:15,  1.79it/s, accuracy=66.4]
  3%|▎         | 22/800 [00:13<07:15,  1.79it/s, accuracy=66.8]
  3%|▎         | 23/800 [00:13<07:14,  1.79it/s, accuracy=66.8]
  3%|▎         | 23/800 [00:14<07:14,  1.79it/s, accuracy=66.9]
  3%|▎         | 24/800 [00:14<07:13,  1.79it/s, accuracy=66.9]
  3%|▎         | 24/800 [00:14<07:13,  1.79it/s, accuracy=67.1]
  3%|▎         | 25/800 [00:14<07:13,  1.79it/s, accuracy=67.1]
  3%|▎         | 25/800 [00:15<07:13,  1.79it/s, accuracy=67.1]
  3%|▎         | 26/800 [00:15<07:12,  1.79it/s, accuracy=67.1]
  3%|▎         | 26/800 [00:16<07:12,  1.79it/s, accuracy=66.5]
  3%|▎         | 27/800 [00:16<07:11,  1.79it/s, accuracy=66.5]
  3%|▎         | 27/800 [00:16<07:11,  1.79it/s, accuracy=66.4]
  4%|▎         | 28/800 [00:16<07:10,  1.79it/s, accuracy=66.4]
  4%|▎         | 28/800 [00:17<07:10,  1.79it/s, accuracy=67.1]
  4%|▎         | 29/800 [00:17<07:10,  1.79it/s, accuracy=67.1]
  4%|▎         | 29/800 [00:17<07:10,  1.79it/s, accuracy=67.1]
  4%|▍         | 30/800 [00:17<07:09,  1.79it/s, accuracy=67.1]
  4%|▍         | 30/800 [00:18<07:09,  1.79it/s, accuracy=67.2]
  4%|▍         | 31/800 [00:18<07:08,  1.79it/s, accuracy=67.2]
  4%|▍         | 31/800 [00:18<07:08,  1.79it/s, accuracy=67.2]
  4%|▍         | 32/800 [00:18<07:08,  1.79it/s, accuracy=67.2]
  4%|▍         | 32/800 [00:19<07:08,  1.79it/s, accuracy=67.6]
  4%|▍         | 33/800 [00:19<07:08,  1.79it/s, accuracy=67.6]
  4%|▍         | 33/800 [00:19<07:08,  1.79it/s, accuracy=67.9]
  4%|▍         | 34/800 [00:19<07:07,  1.79it/s, accuracy=67.9]
  4%|▍         | 34/800 [00:20<07:07,  1.79it/s, accuracy=67.9]
  4%|▍         | 35/800 [00:20<07:07,  1.79it/s, accuracy=67.9]
  4%|▍         | 35/800 [00:21<07:07,  1.79it/s, accuracy=67.8]
  4%|▍         | 36/800 [00:21<07:06,  1.79it/s, accuracy=67.8]
  4%|▍         | 36/800 [00:21<07:06,  1.79it/s, accuracy=67.7]
  5%|▍         | 37/800 [00:21<07:05,  1.79it/s, accuracy=67.7]
  5%|▍         | 37/800 [00:22<07:05,  1.79it/s, accuracy=68.1]
  5%|▍         | 38/800 [00:22<07:05,  1.79it/s, accuracy=68.1]
  5%|▍         | 38/800 [00:22<07:05,  1.79it/s, accuracy=68.3]
  5%|▍         | 39/800 [00:22<07:05,  1.79it/s, accuracy=68.3]
  5%|▍         | 39/800 [00:23<07:05,  1.79it/s, accuracy=68.5]
  5%|▌         | 40/800 [00:23<07:04,  1.79it/s, accuracy=68.5]
  5%|▌         | 40/800 [00:23<07:04,  1.79it/s, accuracy=68.6]
  5%|▌         | 41/800 [00:23<07:04,  1.79it/s, accuracy=68.6]
  5%|▌         | 41/800 [00:24<07:04,  1.79it/s, accuracy=68.8]
  5%|▌         | 42/800 [00:24<07:03,  1.79it/s, accuracy=68.8]
  5%|▌         | 42/800 [00:24<07:03,  1.79it/s, accuracy=68.9]
  5%|▌         | 43/800 [00:24<07:02,  1.79it/s, accuracy=68.9]
  5%|▌         | 43/800 [00:25<07:02,  1.79it/s, accuracy=68.4]
  6%|▌         | 44/800 [00:25<07:02,  1.79it/s, accuracy=68.4]
  6%|▌         | 44/800 [00:26<07:02,  1.79it/s, accuracy=68.6]
  6%|▌         | 45/800 [00:26<07:03,  1.78it/s, accuracy=68.6]
  6%|▌         | 45/800 [00:26<07:03,  1.78it/s, accuracy=68.3]
  6%|▌         | 46/800 [00:26<07:01,  1.79it/s, accuracy=68.3]
  6%|▌         | 46/800 [00:27<07:01,  1.79it/s, accuracy=68.2]
  6%|▌         | 47/800 [00:27<07:00,  1.79it/s, accuracy=68.2]
  6%|▌         | 47/800 [00:27<07:00,  1.79it/s, accuracy=68.4]
  6%|▌         | 48/800 [00:27<07:01,  1.79it/s, accuracy=68.4]
  6%|▌         | 48/800 [00:28<07:01,  1.79it/s, accuracy=68.2]
  6%|▌         | 49/800 [00:28<07:00,  1.79it/s, accuracy=68.2]
  6%|▌         | 49/800 [00:28<07:00,  1.79it/s, accuracy=68.3]
  6%|▋         | 50/800 [00:28<07:00,  1.78it/s, accuracy=68.3]
  6%|▋         | 50/800 [00:29<07:00,  1.78it/s, accuracy=68.3]
  6%|▋         | 51/800 [00:29<07:05,  1.76it/s, accuracy=68.3]
  6%|▋         | 51/800 [00:30<07:05,  1.76it/s, accuracy=68.2]
  6%|▋         | 52/800 [00:30<07:03,  1.77it/s, accuracy=68.2]
  6%|▋         | 52/800 [00:30<07:03,  1.77it/s, accuracy=68.2]
  7%|▋         | 53/800 [00:30<07:01,  1.77it/s, accuracy=68.2]
  7%|▋         | 53/800 [00:31<07:01,  1.77it/s, accuracy=68.1]
  7%|▋         | 54/800 [00:31<07:01,  1.77it/s, accuracy=68.1]
  7%|▋         | 54/800 [00:31<07:01,  1.77it/s, accuracy=68]  
  7%|▋         | 55/800 [00:31<06:59,  1.77it/s, accuracy=68]
  7%|▋         | 55/800 [00:32<06:59,  1.77it/s, accuracy=67.8]
  7%|▋         | 56/800 [00:32<06:59,  1.78it/s, accuracy=67.8]
  7%|▋         | 56/800 [00:32<06:59,  1.78it/s, accuracy=67.8]
  7%|▋         | 57/800 [00:32<06:57,  1.78it/s, accuracy=67.8]
  7%|▋         | 57/800 [00:33<06:57,  1.78it/s, accuracy=67.9]
  7%|▋         | 58/800 [00:33<06:56,  1.78it/s, accuracy=67.9]
  7%|▋         | 58/800 [00:33<06:56,  1.78it/s, accuracy=67.8]
  7%|▋         | 59/800 [00:33<06:55,  1.78it/s, accuracy=67.8]
  7%|▋         | 59/800 [00:34<06:55,  1.78it/s, accuracy=68]  
  8%|▊         | 60/800 [00:34<06:55,  1.78it/s, accuracy=68]
  8%|▊         | 60/800 [00:35<06:55,  1.78it/s, accuracy=68.1]
  8%|▊         | 61/800 [00:35<06:54,  1.78it/s, accuracy=68.1]
  8%|▊         | 61/800 [00:35<06:54,  1.78it/s, accuracy=68]  
  8%|▊         | 62/800 [00:35<06:55,  1.78it/s, accuracy=68]
  8%|▊         | 62/800 [00:36<06:55,  1.78it/s, accuracy=67.9]
  8%|▊         | 63/800 [00:36<06:54,  1.78it/s, accuracy=67.9]
  8%|▊         | 63/800 [00:36<06:54,  1.78it/s, accuracy=68.1]
  8%|▊         | 64/800 [00:36<06:52,  1.78it/s, accuracy=68.1]
  8%|▊         | 64/800 [00:37<06:52,  1.78it/s, accuracy=68]  
  8%|▊         | 65/800 [00:37<06:52,  1.78it/s, accuracy=68]
  8%|▊         | 65/800 [00:37<06:52,  1.78it/s, accuracy=67.9]
  8%|▊         | 66/800 [00:37<06:54,  1.77it/s, accuracy=67.9]
  8%|▊         | 66/800 [00:38<06:54,  1.77it/s, accuracy=68.1]
  8%|▊         | 67/800 [00:38<06:58,  1.75it/s, accuracy=68.1]
  8%|▊         | 67/800 [00:39<06:58,  1.75it/s, accuracy=68]  
  8%|▊         | 68/800 [00:39<06:55,  1.76it/s, accuracy=68]
  8%|▊         | 68/800 [00:39<06:55,  1.76it/s, accuracy=68]
  9%|▊         | 69/800 [00:39<06:53,  1.77it/s, accuracy=68]
  9%|▊         | 69/800 [00:40<06:53,  1.77it/s, accuracy=67.9]
  9%|▉         | 70/800 [00:40<06:51,  1.77it/s, accuracy=67.9]
  9%|▉         | 70/800 [00:40<06:51,  1.77it/s, accuracy=67.6]
  9%|▉         | 71/800 [00:40<06:51,  1.77it/s, accuracy=67.6]
  9%|▉         | 71/800 [00:41<06:51,  1.77it/s, accuracy=67.6]
  9%|▉         | 72/800 [00:41<06:50,  1.77it/s, accuracy=67.6]
  9%|▉         | 72/800 [00:41<06:50,  1.77it/s, accuracy=67.5]
  9%|▉         | 73/800 [00:41<06:49,  1.78it/s, accuracy=67.5]
  9%|▉         | 73/800 [00:42<06:49,  1.78it/s, accuracy=67.3]
  9%|▉         | 74/800 [00:42<06:48,  1.78it/s, accuracy=67.3]
  9%|▉         | 74/800 [00:42<06:48,  1.78it/s, accuracy=67.4]
  9%|▉         | 75/800 [00:42<06:47,  1.78it/s, accuracy=67.4]
  9%|▉         | 75/800 [00:43<06:47,  1.78it/s, accuracy=67.4]
 10%|▉         | 76/800 [00:43<06:49,  1.77it/s, accuracy=67.4]
 10%|▉         | 76/800 [00:44<06:49,  1.77it/s, accuracy=67.5]
 10%|▉         | 77/800 [00:44<06:47,  1.77it/s, accuracy=67.5]
 10%|▉         | 77/800 [00:44<06:47,  1.77it/s, accuracy=67.4]
 10%|▉         | 78/800 [00:44<06:46,  1.78it/s, accuracy=67.4]
 10%|▉         | 78/800 [00:45<06:46,  1.78it/s, accuracy=67.4]
 10%|▉         | 79/800 [00:45<06:45,  1.78it/s, accuracy=67.4]
 10%|▉         | 79/800 [00:45<06:45,  1.78it/s, accuracy=67.4]
 10%|█         | 80/800 [00:45<06:44,  1.78it/s, accuracy=67.4]
 10%|█         | 80/800 [00:46<06:44,  1.78it/s, accuracy=67.3]
 10%|█         | 81/800 [00:46<06:44,  1.78it/s, accuracy=67.3]
 10%|█         | 81/800 [00:46<06:44,  1.78it/s, accuracy=67.3]
 10%|█         | 82/800 [00:46<06:45,  1.77it/s, accuracy=67.3]
 10%|█         | 82/800 [00:47<06:45,  1.77it/s, accuracy=67.4]
 10%|█         | 83/800 [00:47<06:44,  1.77it/s, accuracy=67.4]
 10%|█         | 83/800 [00:48<06:44,  1.77it/s, accuracy=67.5]
 10%|█         | 84/800 [00:48<06:43,  1.78it/s, accuracy=67.5]
 10%|█         | 84/800 [00:48<06:43,  1.78it/s, accuracy=67.6]
 11%|█         | 85/800 [00:48<06:46,  1.76it/s, accuracy=67.6]
 11%|█         | 85/800 [00:49<06:46,  1.76it/s, accuracy=67.7]
 11%|█         | 86/800 [00:49<06:54,  1.72it/s, accuracy=67.7]
 11%|█         | 86/800 [00:49<06:54,  1.72it/s, accuracy=67.8]
 11%|█         | 87/800 [00:49<06:50,  1.74it/s, accuracy=67.8]
 11%|█         | 87/800 [00:50<06:50,  1.74it/s, accuracy=67.7]
 11%|█         | 88/800 [00:50<06:49,  1.74it/s, accuracy=67.7]
 11%|█         | 88/800 [00:50<06:49,  1.74it/s, accuracy=67.6]
 11%|█         | 89/800 [00:50<06:50,  1.73it/s, accuracy=67.6]
 11%|█         | 89/800 [00:51<06:50,  1.73it/s, accuracy=67.6]
 11%|█▏        | 90/800 [00:51<06:45,  1.75it/s, accuracy=67.6]
 11%|█▏        | 90/800 [00:52<06:45,  1.75it/s, accuracy=67.6]
 11%|█▏        | 91/800 [00:52<06:44,  1.75it/s, accuracy=67.6]
 11%|█▏        | 91/800 [00:52<06:44,  1.75it/s, accuracy=67.7]
 12%|█▏        | 92/800 [00:52<06:40,  1.77it/s, accuracy=67.7]
 12%|█▏        | 92/800 [00:53<06:40,  1.77it/s, accuracy=67.7]
 12%|█▏        | 93/800 [00:53<06:40,  1.77it/s, accuracy=67.7]
 12%|█▏        | 93/800 [00:53<06:40,  1.77it/s, accuracy=67.7]
 12%|█▏        | 94/800 [00:53<06:42,  1.76it/s, accuracy=67.7]
 12%|█▏        | 94/800 [00:54<06:42,  1.76it/s, accuracy=67.7]
 12%|█▏        | 95/800 [00:54<06:38,  1.77it/s, accuracy=67.7]
 12%|█▏        | 95/800 [00:54<06:38,  1.77it/s, accuracy=67.8]
 12%|█▏        | 96/800 [00:54<06:37,  1.77it/s, accuracy=67.8]
 12%|█▏        | 96/800 [00:55<06:37,  1.77it/s, accuracy=67.8]
 12%|█▏        | 97/800 [00:55<06:36,  1.78it/s, accuracy=67.8]
 12%|█▏        | 97/800 [00:56<06:36,  1.78it/s, accuracy=67.6]
 12%|█▏        | 98/800 [00:56<06:34,  1.78it/s, accuracy=67.6]
 12%|█▏        | 98/800 [00:56<06:34,  1.78it/s, accuracy=67.6]
 12%|█▏        | 99/800 [00:56<06:33,  1.78it/s, accuracy=67.6]
 12%|█▏        | 99/800 [00:57<06:33,  1.78it/s, accuracy=67.6]
 12%|█▎        | 100/800 [00:57<06:32,  1.78it/s, accuracy=67.6]
 12%|█▎        | 100/800 [00:57<06:32,  1.78it/s, accuracy=67.6]
 13%|█▎        | 101/800 [00:57<06:31,  1.78it/s, accuracy=67.6]
 13%|█▎        | 101/800 [00:58<06:31,  1.78it/s, accuracy=67.6]
 13%|█▎        | 102/800 [00:58<06:31,  1.78it/s, accuracy=67.6]
 13%|█▎        | 102/800 [00:58<06:31,  1.78it/s, accuracy=67.6]
 13%|█▎        | 103/800 [00:58<06:30,  1.78it/s, accuracy=67.6]
 13%|█▎        | 103/800 [00:59<06:30,  1.78it/s, accuracy=67.6]
 13%|█▎        | 104/800 [00:59<06:30,  1.78it/s, accuracy=67.6]
 13%|█▎        | 104/800 [01:00<06:30,  1.78it/s, accuracy=67.6]
 13%|█▎        | 105/800 [01:00<06:48,  1.70it/s, accuracy=67.6]
 13%|█▎        | 105/800 [01:00<06:48,  1.70it/s, accuracy=67.6]
 13%|█▎        | 106/800 [01:00<06:41,  1.73it/s, accuracy=67.6]
 13%|█▎        | 106/800 [01:01<06:41,  1.73it/s, accuracy=67.7]
 13%|█▎        | 107/800 [01:01<06:37,  1.74it/s, accuracy=67.7]
 13%|█▎        | 107/800 [01:01<06:37,  1.74it/s, accuracy=67.6]
 14%|█▎        | 108/800 [01:01<06:39,  1.73it/s, accuracy=67.6]
 14%|█▎        | 108/800 [01:02<06:39,  1.73it/s, accuracy=67.6]
 14%|█▎        | 109/800 [01:02<06:34,  1.75it/s, accuracy=67.6]
 14%|█▎        | 109/800 [01:02<06:34,  1.75it/s, accuracy=67.5]
 14%|█▍        | 110/800 [01:02<06:31,  1.76it/s, accuracy=67.5]
 14%|█▍        | 110/800 [01:03<06:31,  1.76it/s, accuracy=67.6]
 14%|█▍        | 111/800 [01:03<06:29,  1.77it/s, accuracy=67.6]
 14%|█▍        | 111/800 [01:03<06:29,  1.77it/s, accuracy=67.6]
 14%|█▍        | 112/800 [01:03<06:27,  1.78it/s, accuracy=67.6]
 14%|█▍        | 112/800 [01:04<06:27,  1.78it/s, accuracy=67.6]
 14%|█▍        | 113/800 [01:04<06:25,  1.78it/s, accuracy=67.6]
 14%|█▍        | 113/800 [01:05<06:25,  1.78it/s, accuracy=67.6]
 14%|█▍        | 114/800 [01:05<06:24,  1.78it/s, accuracy=67.6]
 14%|█▍        | 114/800 [01:05<06:24,  1.78it/s, accuracy=67.7]
 14%|█▍        | 115/800 [01:05<06:24,  1.78it/s, accuracy=67.7]
 14%|█▍        | 115/800 [01:06<06:24,  1.78it/s, accuracy=67.7]
 14%|█▍        | 116/800 [01:06<06:23,  1.78it/s, accuracy=67.7]
 14%|█▍        | 116/800 [01:06<06:23,  1.78it/s, accuracy=67.7]
 15%|█▍        | 117/800 [01:06<06:22,  1.79it/s, accuracy=67.7]
 15%|█▍        | 117/800 [01:07<06:22,  1.79it/s, accuracy=67.7]
 15%|█▍        | 118/800 [01:07<06:21,  1.79it/s, accuracy=67.7]
 15%|█▍        | 118/800 [01:07<06:21,  1.79it/s, accuracy=67.7]
 15%|█▍        | 119/800 [01:07<06:20,  1.79it/s, accuracy=67.7]
 15%|█▍        | 119/800 [01:08<06:20,  1.79it/s, accuracy=67.7]
 15%|█▌        | 120/800 [01:08<06:22,  1.78it/s, accuracy=67.7]
 15%|█▌        | 120/800 [01:09<06:22,  1.78it/s, accuracy=67.7]
 15%|█▌        | 121/800 [01:09<06:21,  1.78it/s, accuracy=67.7]
 15%|█▌        | 121/800 [01:09<06:21,  1.78it/s, accuracy=67.8]
 15%|█▌        | 122/800 [01:09<06:20,  1.78it/s, accuracy=67.8]
 15%|█▌        | 122/800 [01:10<06:20,  1.78it/s, accuracy=67.8]
 15%|█▌        | 123/800 [01:10<06:18,  1.79it/s, accuracy=67.8]
 15%|█▌        | 123/800 [01:10<06:18,  1.79it/s, accuracy=67.8]
 16%|█▌        | 124/800 [01:10<06:18,  1.79it/s, accuracy=67.8]
 16%|█▌        | 124/800 [01:11<06:18,  1.79it/s, accuracy=67.8]
 16%|█▌        | 125/800 [01:11<06:17,  1.79it/s, accuracy=67.8]
 16%|█▌        | 125/800 [01:11<06:17,  1.79it/s, accuracy=67.9]
 16%|█▌        | 126/800 [01:11<06:16,  1.79it/s, accuracy=67.9]
 16%|█▌        | 126/800 [01:12<06:16,  1.79it/s, accuracy=67.8]
 16%|█▌        | 127/800 [01:12<06:16,  1.79it/s, accuracy=67.8]
 16%|█▌        | 127/800 [01:12<06:16,  1.79it/s, accuracy=67.9]
 16%|█▌        | 128/800 [01:12<06:17,  1.78it/s, accuracy=67.9]
 16%|█▌        | 128/800 [01:13<06:17,  1.78it/s, accuracy=68]  
 16%|█▌        | 129/800 [01:13<06:16,  1.78it/s, accuracy=68]
 16%|█▌        | 129/800 [01:14<06:16,  1.78it/s, accuracy=68]
 16%|█▋        | 130/800 [01:14<06:15,  1.78it/s, accuracy=68]
 16%|█▋        | 130/800 [01:14<06:15,  1.78it/s, accuracy=68]
 16%|█▋        | 131/800 [01:14<06:14,  1.79it/s, accuracy=68]
 16%|█▋        | 131/800 [01:15<06:14,  1.79it/s, accuracy=67.9]
 16%|█▋        | 132/800 [01:15<06:15,  1.78it/s, accuracy=67.9]
 16%|█▋        | 132/800 [01:15<06:15,  1.78it/s, accuracy=67.9]
 17%|█▋        | 133/800 [01:15<06:14,  1.78it/s, accuracy=67.9]
 17%|█▋        | 133/800 [01:16<06:14,  1.78it/s, accuracy=67.9]
 17%|█▋        | 134/800 [01:16<06:13,  1.78it/s, accuracy=67.9]
 17%|█▋        | 134/800 [01:16<06:13,  1.78it/s, accuracy=67.9]
 17%|█▋        | 135/800 [01:16<06:12,  1.79it/s, accuracy=67.9]
 17%|█▋        | 135/800 [01:17<06:12,  1.79it/s, accuracy=68]  
 17%|█▋        | 136/800 [01:17<06:11,  1.79it/s, accuracy=68]
 17%|█▋        | 136/800 [01:17<06:11,  1.79it/s, accuracy=68]
 17%|█▋        | 137/800 [01:17<06:11,  1.79it/s, accuracy=68]
 17%|█▋        | 137/800 [01:18<06:11,  1.79it/s, accuracy=68.1]
 17%|█▋        | 138/800 [01:18<06:19,  1.74it/s, accuracy=68.1]
 17%|█▋        | 138/800 [01:19<06:19,  1.74it/s, accuracy=68.1]
 17%|█▋        | 139/800 [01:19<06:21,  1.73it/s, accuracy=68.1]
 17%|█▋        | 139/800 [01:19<06:21,  1.73it/s, accuracy=68.1]
 18%|█▊        | 140/800 [01:19<06:19,  1.74it/s, accuracy=68.1]
 18%|█▊        | 140/800 [01:20<06:19,  1.74it/s, accuracy=68.1]
 18%|█▊        | 141/800 [01:20<06:17,  1.75it/s, accuracy=68.1]
 18%|█▊        | 141/800 [01:20<06:17,  1.75it/s, accuracy=68.1]
 18%|█▊        | 142/800 [01:20<06:13,  1.76it/s, accuracy=68.1]
 18%|█▊        | 142/800 [01:21<06:13,  1.76it/s, accuracy=68.1]
 18%|█▊        | 143/800 [01:21<06:11,  1.77it/s, accuracy=68.1]
 18%|█▊        | 143/800 [01:21<06:11,  1.77it/s, accuracy=68.1]
 18%|█▊        | 144/800 [01:21<06:09,  1.77it/s, accuracy=68.1]
 18%|█▊        | 144/800 [01:22<06:09,  1.77it/s, accuracy=68.1]
 18%|█▊        | 145/800 [01:22<06:11,  1.76it/s, accuracy=68.1]
 18%|█▊        | 145/800 [01:23<06:11,  1.76it/s, accuracy=68.1]
 18%|█▊        | 146/800 [01:23<06:08,  1.77it/s, accuracy=68.1]
 18%|█▊        | 146/800 [01:23<06:08,  1.77it/s, accuracy=68.1]
 18%|█▊        | 147/800 [01:23<06:07,  1.78it/s, accuracy=68.1]
 18%|█▊        | 147/800 [01:24<06:07,  1.78it/s, accuracy=68.2]
 18%|█▊        | 148/800 [01:24<06:05,  1.78it/s, accuracy=68.2]
 18%|█▊        | 148/800 [01:24<06:05,  1.78it/s, accuracy=68.2]
 19%|█▊        | 149/800 [01:24<06:04,  1.79it/s, accuracy=68.2]
 19%|█▊        | 149/800 [01:25<06:04,  1.79it/s, accuracy=68.1]
 19%|█▉        | 150/800 [01:25<06:06,  1.77it/s, accuracy=68.1]
 19%|█▉        | 150/800 [01:25<06:06,  1.77it/s, accuracy=68]  
 19%|█▉        | 151/800 [01:25<06:13,  1.74it/s, accuracy=68]
 19%|█▉        | 151/800 [01:26<06:13,  1.74it/s, accuracy=68]
 19%|█▉        | 152/800 [01:26<06:18,  1.71it/s, accuracy=68]
 19%|█▉        | 152/800 [01:27<06:18,  1.71it/s, accuracy=68]
 19%|█▉        | 153/800 [01:27<06:23,  1.69it/s, accuracy=68]
 19%|█▉        | 153/800 [01:27<06:23,  1.69it/s, accuracy=67.9]
 19%|█▉        | 154/800 [01:27<06:29,  1.66it/s, accuracy=67.9]
 19%|█▉        | 154/800 [01:28<06:29,  1.66it/s, accuracy=67.9]
 19%|█▉        | 155/800 [01:28<06:29,  1.66it/s, accuracy=67.9]
 19%|█▉        | 155/800 [01:28<06:29,  1.66it/s, accuracy=67.9]
 20%|█▉        | 156/800 [01:28<06:22,  1.69it/s, accuracy=67.9]
 20%|█▉        | 156/800 [01:29<06:22,  1.69it/s, accuracy=67.9]
 20%|█▉        | 157/800 [01:29<06:15,  1.71it/s, accuracy=67.9]
 20%|█▉        | 157/800 [01:30<06:15,  1.71it/s, accuracy=67.9]
 20%|█▉        | 158/800 [01:30<06:44,  1.59it/s, accuracy=67.9]
 20%|█▉        | 158/800 [01:30<06:44,  1.59it/s, accuracy=67.9]
 20%|█▉        | 159/800 [01:30<06:37,  1.61it/s, accuracy=67.9]
 20%|█▉        | 159/800 [01:31<06:37,  1.61it/s, accuracy=68]  
 20%|██        | 160/800 [01:31<06:32,  1.63it/s, accuracy=68]
 20%|██        | 160/800 [01:32<06:32,  1.63it/s, accuracy=67.9]
 20%|██        | 161/800 [01:32<06:27,  1.65it/s, accuracy=67.9]
 20%|██        | 161/800 [01:32<06:27,  1.65it/s, accuracy=67.9]
 20%|██        | 162/800 [01:32<06:23,  1.66it/s, accuracy=67.9]
 20%|██        | 162/800 [01:33<06:23,  1.66it/s, accuracy=67.9]
 20%|██        | 163/800 [01:33<06:23,  1.66it/s, accuracy=67.9]
 20%|██        | 163/800 [01:33<06:23,  1.66it/s, accuracy=67.8]
 20%|██        | 164/800 [01:33<06:42,  1.58it/s, accuracy=67.8]
 20%|██        | 164/800 [01:34<06:42,  1.58it/s, accuracy=67.8]
 21%|██        | 165/800 [01:34<06:29,  1.63it/s, accuracy=67.8]
 21%|██        | 165/800 [01:35<06:29,  1.63it/s, accuracy=67.7]
 21%|██        | 166/800 [01:35<06:18,  1.67it/s, accuracy=67.7]
 21%|██        | 166/800 [01:35<06:18,  1.67it/s, accuracy=67.7]
 21%|██        | 167/800 [01:35<06:35,  1.60it/s, accuracy=67.7]
 21%|██        | 167/800 [01:36<06:35,  1.60it/s, accuracy=67.7]
 21%|██        | 168/800 [01:36<06:26,  1.63it/s, accuracy=67.7]
 21%|██        | 168/800 [01:36<06:26,  1.63it/s, accuracy=67.7]
 21%|██        | 169/800 [01:36<06:21,  1.65it/s, accuracy=67.7]
 21%|██        | 169/800 [01:37<06:21,  1.65it/s, accuracy=67.7]
 21%|██▏       | 170/800 [01:37<06:12,  1.69it/s, accuracy=67.7]
 21%|██▏       | 170/800 [01:38<06:12,  1.69it/s, accuracy=67.6]
 21%|██▏       | 171/800 [01:38<06:06,  1.72it/s, accuracy=67.6]
 21%|██▏       | 171/800 [01:38<06:06,  1.72it/s, accuracy=67.6]
 22%|██▏       | 172/800 [01:38<06:07,  1.71it/s, accuracy=67.6]
 22%|██▏       | 172/800 [01:39<06:07,  1.71it/s, accuracy=67.5]
 22%|██▏       | 173/800 [01:39<06:03,  1.73it/s, accuracy=67.5]
 22%|██▏       | 173/800 [01:39<06:03,  1.73it/s, accuracy=67.5]
 22%|██▏       | 174/800 [01:39<06:13,  1.68it/s, accuracy=67.5]
 22%|██▏       | 174/800 [01:40<06:13,  1.68it/s, accuracy=67.5]
 22%|██▏       | 175/800 [01:40<06:05,  1.71it/s, accuracy=67.5]
 22%|██▏       | 175/800 [01:40<06:05,  1.71it/s, accuracy=67.5]
 22%|██▏       | 176/800 [01:40<06:03,  1.72it/s, accuracy=67.5]
 22%|██▏       | 176/800 [01:41<06:03,  1.72it/s, accuracy=67.5]
 22%|██▏       | 177/800 [01:41<06:01,  1.72it/s, accuracy=67.5]
 22%|██▏       | 177/800 [01:42<06:01,  1.72it/s, accuracy=67.6]
 22%|██▏       | 178/800 [01:42<05:58,  1.74it/s, accuracy=67.6]
 22%|██▏       | 178/800 [01:42<05:58,  1.74it/s, accuracy=67.6]
 22%|██▏       | 179/800 [01:42<06:14,  1.66it/s, accuracy=67.6]
 22%|██▏       | 179/800 [01:43<06:14,  1.66it/s, accuracy=67.6]
 22%|██▎       | 180/800 [01:43<06:07,  1.69it/s, accuracy=67.6]
 22%|██▎       | 180/800 [01:43<06:07,  1.69it/s, accuracy=67.7]
 23%|██▎       | 181/800 [01:43<06:01,  1.71it/s, accuracy=67.7]
 23%|██▎       | 181/800 [01:44<06:01,  1.71it/s, accuracy=67.7]
 23%|██▎       | 182/800 [01:44<06:19,  1.63it/s, accuracy=67.7]
 23%|██▎       | 182/800 [01:45<06:19,  1.63it/s, accuracy=67.7]
 23%|██▎       | 183/800 [01:45<06:23,  1.61it/s, accuracy=67.7]
 23%|██▎       | 183/800 [01:45<06:23,  1.61it/s, accuracy=67.6]
 23%|██▎       | 184/800 [01:45<06:29,  1.58it/s, accuracy=67.6]
 23%|██▎       | 184/800 [01:46<06:29,  1.58it/s, accuracy=67.6]
 23%|██▎       | 185/800 [01:46<06:30,  1.58it/s, accuracy=67.6]
 23%|██▎       | 185/800 [01:47<06:30,  1.58it/s, accuracy=67.7]
 23%|██▎       | 186/800 [01:47<06:42,  1.53it/s, accuracy=67.7]
 23%|██▎       | 186/800 [01:47<06:42,  1.53it/s, accuracy=67.7]
 23%|██▎       | 187/800 [01:47<06:30,  1.57it/s, accuracy=67.7]
 23%|██▎       | 187/800 [01:48<06:30,  1.57it/s, accuracy=67.6]
 24%|██▎       | 188/800 [01:48<06:19,  1.61it/s, accuracy=67.6]
 24%|██▎       | 188/800 [01:48<06:19,  1.61it/s, accuracy=67.6]
 24%|██▎       | 189/800 [01:48<06:08,  1.66it/s, accuracy=67.6]
 24%|██▎       | 189/800 [01:49<06:08,  1.66it/s, accuracy=67.7]
 24%|██▍       | 190/800 [01:49<06:00,  1.69it/s, accuracy=67.7]
 24%|██▍       | 190/800 [01:50<06:00,  1.69it/s, accuracy=67.6]
 24%|██▍       | 191/800 [01:50<05:54,  1.72it/s, accuracy=67.6]
 24%|██▍       | 191/800 [01:50<05:54,  1.72it/s, accuracy=67.6]
 24%|██▍       | 192/800 [01:50<06:11,  1.63it/s, accuracy=67.6]
 24%|██▍       | 192/800 [01:51<06:11,  1.63it/s, accuracy=67.6]
 24%|██▍       | 193/800 [01:51<06:02,  1.68it/s, accuracy=67.6]
 24%|██▍       | 193/800 [01:51<06:02,  1.68it/s, accuracy=67.5]
 24%|██▍       | 194/800 [01:51<05:54,  1.71it/s, accuracy=67.5]
 24%|██▍       | 194/800 [01:52<05:54,  1.71it/s, accuracy=67.5]
 24%|██▍       | 195/800 [01:52<05:49,  1.73it/s, accuracy=67.5]
 24%|██▍       | 195/800 [01:53<05:49,  1.73it/s, accuracy=67.5]
 24%|██▍       | 196/800 [01:53<05:45,  1.75it/s, accuracy=67.5]
 24%|██▍       | 196/800 [01:53<05:45,  1.75it/s, accuracy=67.5]
 25%|██▍       | 197/800 [01:53<05:42,  1.76it/s, accuracy=67.5]
 25%|██▍       | 197/800 [01:54<05:42,  1.76it/s, accuracy=67.4]
 25%|██▍       | 198/800 [01:54<05:40,  1.77it/s, accuracy=67.4]
 25%|██▍       | 198/800 [01:54<05:40,  1.77it/s, accuracy=67.5]
 25%|██▍       | 199/800 [01:54<05:38,  1.78it/s, accuracy=67.5]
 25%|██▍       | 199/800 [01:55<05:38,  1.78it/s, accuracy=67.5]
 25%|██▌       | 200/800 [01:55<05:36,  1.78it/s, accuracy=67.5]
 25%|██▌       | 200/800 [01:55<05:36,  1.78it/s, accuracy=67.6]
 25%|██▌       | 201/800 [01:55<05:35,  1.79it/s, accuracy=67.6]
 25%|██▌       | 201/800 [01:56<05:35,  1.79it/s, accuracy=67.6]
 25%|██▌       | 202/800 [01:56<05:34,  1.79it/s, accuracy=67.6]
 25%|██▌       | 202/800 [01:56<05:34,  1.79it/s, accuracy=67.5]
 25%|██▌       | 203/800 [01:56<05:33,  1.79it/s, accuracy=67.5]
 25%|██▌       | 203/800 [01:57<05:33,  1.79it/s, accuracy=67.5]
 26%|██▌       | 204/800 [01:57<05:32,  1.79it/s, accuracy=67.5]
 26%|██▌       | 204/800 [01:58<05:32,  1.79it/s, accuracy=67.5]
 26%|██▌       | 205/800 [01:58<05:32,  1.79it/s, accuracy=67.5]
 26%|██▌       | 205/800 [01:58<05:32,  1.79it/s, accuracy=67.5]
 26%|██▌       | 206/800 [01:58<05:31,  1.79it/s, accuracy=67.5]
 26%|██▌       | 206/800 [01:59<05:31,  1.79it/s, accuracy=67.5]
 26%|██▌       | 207/800 [01:59<05:31,  1.79it/s, accuracy=67.5]
 26%|██▌       | 207/800 [01:59<05:31,  1.79it/s, accuracy=67.4]
 26%|██▌       | 208/800 [01:59<05:30,  1.79it/s, accuracy=67.4]
 26%|██▌       | 208/800 [02:00<05:30,  1.79it/s, accuracy=67.4]
 26%|██▌       | 209/800 [02:00<05:29,  1.79it/s, accuracy=67.4]
 26%|██▌       | 209/800 [02:00<05:29,  1.79it/s, accuracy=67.4]
 26%|██▋       | 210/800 [02:00<05:28,  1.79it/s, accuracy=67.4]
 26%|██▋       | 210/800 [02:01<05:28,  1.79it/s, accuracy=67.4]
 26%|██▋       | 211/800 [02:01<05:28,  1.79it/s, accuracy=67.4]
 26%|██▋       | 211/800 [02:01<05:28,  1.79it/s, accuracy=67.4]
 26%|██▋       | 212/800 [02:01<05:27,  1.80it/s, accuracy=67.4]
 26%|██▋       | 212/800 [02:02<05:27,  1.80it/s, accuracy=67.3]
 27%|██▋       | 213/800 [02:02<05:26,  1.80it/s, accuracy=67.3]
 27%|██▋       | 213/800 [02:03<05:26,  1.80it/s, accuracy=67.3]
 27%|██▋       | 214/800 [02:03<05:26,  1.80it/s, accuracy=67.3]
 27%|██▋       | 214/800 [02:03<05:26,  1.80it/s, accuracy=67.3]
 27%|██▋       | 215/800 [02:03<05:25,  1.80it/s, accuracy=67.3]
 27%|██▋       | 215/800 [02:04<05:25,  1.80it/s, accuracy=67.3]
 27%|██▋       | 216/800 [02:04<05:25,  1.79it/s, accuracy=67.3]
 27%|██▋       | 216/800 [02:04<05:25,  1.79it/s, accuracy=67.3]
 27%|██▋       | 217/800 [02:04<05:25,  1.79it/s, accuracy=67.3]
 27%|██▋       | 217/800 [02:05<05:25,  1.79it/s, accuracy=67.3]
 27%|██▋       | 218/800 [02:05<05:24,  1.79it/s, accuracy=67.3]
 27%|██▋       | 218/800 [02:05<05:24,  1.79it/s, accuracy=67.3]
 27%|██▋       | 219/800 [02:05<05:24,  1.79it/s, accuracy=67.3]
 27%|██▋       | 219/800 [02:06<05:24,  1.79it/s, accuracy=67.3]
 28%|██▊       | 220/800 [02:06<05:23,  1.79it/s, accuracy=67.3]
 28%|██▊       | 220/800 [02:06<05:23,  1.79it/s, accuracy=67.3]
 28%|██▊       | 221/800 [02:06<05:23,  1.79it/s, accuracy=67.3]
 28%|██▊       | 221/800 [02:07<05:23,  1.79it/s, accuracy=67.3]
 28%|██▊       | 222/800 [02:07<05:22,  1.79it/s, accuracy=67.3]
 28%|██▊       | 222/800 [02:08<05:22,  1.79it/s, accuracy=67.2]
 28%|██▊       | 223/800 [02:08<05:21,  1.79it/s, accuracy=67.2]
 28%|██▊       | 223/800 [02:08<05:21,  1.79it/s, accuracy=67.2]
 28%|██▊       | 224/800 [02:08<05:21,  1.79it/s, accuracy=67.2]
 28%|██▊       | 224/800 [02:09<05:21,  1.79it/s, accuracy=67.2]
 28%|██▊       | 225/800 [02:09<05:20,  1.79it/s, accuracy=67.2]
 28%|██▊       | 225/800 [02:09<05:20,  1.79it/s, accuracy=67.2]
 28%|██▊       | 226/800 [02:09<05:20,  1.79it/s, accuracy=67.2]
 28%|██▊       | 226/800 [02:10<05:20,  1.79it/s, accuracy=67.2]
 28%|██▊       | 227/800 [02:10<05:19,  1.79it/s, accuracy=67.2]
 28%|██▊       | 227/800 [02:10<05:19,  1.79it/s, accuracy=67.2]
 28%|██▊       | 228/800 [02:10<05:18,  1.79it/s, accuracy=67.2]
 28%|██▊       | 228/800 [02:11<05:18,  1.79it/s, accuracy=67.2]
 29%|██▊       | 229/800 [02:11<05:18,  1.79it/s, accuracy=67.2]
 29%|██▊       | 229/800 [02:12<05:18,  1.79it/s, accuracy=67.2]
 29%|██▉       | 230/800 [02:12<05:17,  1.79it/s, accuracy=67.2]
 29%|██▉       | 230/800 [02:12<05:17,  1.79it/s, accuracy=67.2]
 29%|██▉       | 231/800 [02:12<05:17,  1.79it/s, accuracy=67.2]
 29%|██▉       | 231/800 [02:13<05:17,  1.79it/s, accuracy=67.2]
 29%|██▉       | 232/800 [02:13<05:16,  1.79it/s, accuracy=67.2]
 29%|██▉       | 232/800 [02:13<05:16,  1.79it/s, accuracy=67.3]
 29%|██▉       | 233/800 [02:13<05:16,  1.79it/s, accuracy=67.3]
 29%|██▉       | 233/800 [02:14<05:16,  1.79it/s, accuracy=67.2]
 29%|██▉       | 234/800 [02:14<05:15,  1.79it/s, accuracy=67.2]
 29%|██▉       | 234/800 [02:14<05:15,  1.79it/s, accuracy=67.2]
 29%|██▉       | 235/800 [02:14<05:14,  1.80it/s, accuracy=67.2]
 29%|██▉       | 235/800 [02:15<05:14,  1.80it/s, accuracy=67.2]
 30%|██▉       | 236/800 [02:15<05:13,  1.80it/s, accuracy=67.2]
 30%|██▉       | 236/800 [02:15<05:13,  1.80it/s, accuracy=67.2]
 30%|██▉       | 237/800 [02:15<05:13,  1.80it/s, accuracy=67.2]
 30%|██▉       | 237/800 [02:16<05:13,  1.80it/s, accuracy=67.2]
 30%|██▉       | 238/800 [02:16<05:12,  1.80it/s, accuracy=67.2]
 30%|██▉       | 238/800 [02:17<05:12,  1.80it/s, accuracy=67.2]
 30%|██▉       | 239/800 [02:17<05:12,  1.80it/s, accuracy=67.2]
 30%|██▉       | 239/800 [02:17<05:12,  1.80it/s, accuracy=67.2]
 30%|███       | 240/800 [02:17<05:11,  1.80it/s, accuracy=67.2]
 30%|███       | 240/800 [02:18<05:11,  1.80it/s, accuracy=67.2]
 30%|███       | 241/800 [02:18<05:11,  1.80it/s, accuracy=67.2]
 30%|███       | 241/800 [02:18<05:11,  1.80it/s, accuracy=67.3]
 30%|███       | 242/800 [02:18<05:10,  1.80it/s, accuracy=67.3]
 30%|███       | 242/800 [02:19<05:10,  1.80it/s, accuracy=67.2]
 30%|███       | 243/800 [02:19<05:10,  1.79it/s, accuracy=67.2]
 30%|███       | 243/800 [02:19<05:10,  1.79it/s, accuracy=67.2]
 30%|███       | 244/800 [02:19<05:09,  1.79it/s, accuracy=67.2]
 30%|███       | 244/800 [02:20<05:09,  1.79it/s, accuracy=67.2]
 31%|███       | 245/800 [02:20<05:09,  1.80it/s, accuracy=67.2]
 31%|███       | 245/800 [02:20<05:09,  1.80it/s, accuracy=67.2]
 31%|███       | 246/800 [02:20<05:08,  1.80it/s, accuracy=67.2]
 31%|███       | 246/800 [02:21<05:08,  1.80it/s, accuracy=67.2]
 31%|███       | 247/800 [02:21<05:07,  1.80it/s, accuracy=67.2]
 31%|███       | 247/800 [02:22<05:07,  1.80it/s, accuracy=67.2]
 31%|███       | 248/800 [02:22<05:08,  1.79it/s, accuracy=67.2]
 31%|███       | 248/800 [02:22<05:08,  1.79it/s, accuracy=67.2]
 31%|███       | 249/800 [02:22<05:07,  1.79it/s, accuracy=67.2]
 31%|███       | 249/800 [02:23<05:07,  1.79it/s, accuracy=67.2]
 31%|███▏      | 250/800 [02:23<05:06,  1.79it/s, accuracy=67.2]
 31%|███▏      | 250/800 [02:23<05:06,  1.79it/s, accuracy=67.2]
 31%|███▏      | 251/800 [02:23<05:06,  1.79it/s, accuracy=67.2]
 31%|███▏      | 251/800 [02:24<05:06,  1.79it/s, accuracy=67.2]
 32%|███▏      | 252/800 [02:24<05:06,  1.79it/s, accuracy=67.2]
 32%|███▏      | 252/800 [02:24<05:06,  1.79it/s, accuracy=67.2]
 32%|███▏      | 253/800 [02:24<05:05,  1.79it/s, accuracy=67.2]
 32%|███▏      | 253/800 [02:25<05:05,  1.79it/s, accuracy=67.3]
 32%|███▏      | 254/800 [02:25<05:04,  1.79it/s, accuracy=67.3]
 32%|███▏      | 254/800 [02:25<05:04,  1.79it/s, accuracy=67.3]
 32%|███▏      | 255/800 [02:25<05:04,  1.79it/s, accuracy=67.3]
 32%|███▏      | 255/800 [02:26<05:04,  1.79it/s, accuracy=67.3]
 32%|███▏      | 256/800 [02:26<05:04,  1.79it/s, accuracy=67.3]
 32%|███▏      | 256/800 [02:27<05:04,  1.79it/s, accuracy=67.3]
 32%|███▏      | 257/800 [02:27<05:03,  1.79it/s, accuracy=67.3]
 32%|███▏      | 257/800 [02:27<05:03,  1.79it/s, accuracy=67.3]
 32%|███▏      | 258/800 [02:27<05:02,  1.79it/s, accuracy=67.3]
 32%|███▏      | 258/800 [02:28<05:02,  1.79it/s, accuracy=67.2]
 32%|███▏      | 259/800 [02:28<05:06,  1.76it/s, accuracy=67.2]
 32%|███▏      | 259/800 [02:28<05:06,  1.76it/s, accuracy=67.2]
 32%|███▎      | 260/800 [02:28<05:23,  1.67it/s, accuracy=67.2]
 32%|███▎      | 260/800 [02:29<05:23,  1.67it/s, accuracy=67.2]
 33%|███▎      | 261/800 [02:29<05:18,  1.69it/s, accuracy=67.2]
 33%|███▎      | 261/800 [02:30<05:18,  1.69it/s, accuracy=67.3]
 33%|███▎      | 262/800 [02:30<05:13,  1.72it/s, accuracy=67.3]
 33%|███▎      | 262/800 [02:30<05:13,  1.72it/s, accuracy=67.3]
 33%|███▎      | 263/800 [02:30<05:15,  1.70it/s, accuracy=67.3]
 33%|███▎      | 263/800 [02:31<05:15,  1.70it/s, accuracy=67.3]
 33%|███▎      | 264/800 [02:31<05:21,  1.67it/s, accuracy=67.3]
 33%|███▎      | 264/800 [02:31<05:21,  1.67it/s, accuracy=67.2]
 33%|███▎      | 265/800 [02:31<05:19,  1.67it/s, accuracy=67.2]
 33%|███▎      | 265/800 [02:32<05:19,  1.67it/s, accuracy=67.2]
 33%|███▎      | 266/800 [02:32<05:16,  1.69it/s, accuracy=67.2]
 33%|███▎      | 266/800 [02:32<05:16,  1.69it/s, accuracy=67.2]
 33%|███▎      | 267/800 [02:32<05:09,  1.72it/s, accuracy=67.2]
 33%|███▎      | 267/800 [02:33<05:09,  1.72it/s, accuracy=67.2]
 34%|███▎      | 268/800 [02:33<05:05,  1.74it/s, accuracy=67.2]
 34%|███▎      | 268/800 [02:34<05:05,  1.74it/s, accuracy=67.2]
 34%|███▎      | 269/800 [02:34<05:02,  1.76it/s, accuracy=67.2]
 34%|███▎      | 269/800 [02:34<05:02,  1.76it/s, accuracy=67.1]
 34%|███▍      | 270/800 [02:34<04:59,  1.77it/s, accuracy=67.1]
 34%|███▍      | 270/800 [02:35<04:59,  1.77it/s, accuracy=67.1]
 34%|███▍      | 271/800 [02:35<04:57,  1.78it/s, accuracy=67.1]
 34%|███▍      | 271/800 [02:35<04:57,  1.78it/s, accuracy=67.1]
 34%|███▍      | 272/800 [02:35<04:56,  1.78it/s, accuracy=67.1]
 34%|███▍      | 272/800 [02:36<04:56,  1.78it/s, accuracy=67.1]
 34%|███▍      | 273/800 [02:36<04:55,  1.79it/s, accuracy=67.1]
 34%|███▍      | 273/800 [02:36<04:55,  1.79it/s, accuracy=67.1]
 34%|███▍      | 274/800 [02:36<05:01,  1.75it/s, accuracy=67.1]
 34%|███▍      | 274/800 [02:37<05:01,  1.75it/s, accuracy=67.1]
 34%|███▍      | 275/800 [02:37<05:13,  1.67it/s, accuracy=67.1]
 34%|███▍      | 275/800 [02:38<05:13,  1.67it/s, accuracy=67.1]
 34%|███▍      | 276/800 [02:38<05:12,  1.68it/s, accuracy=67.1]
 34%|███▍      | 276/800 [02:38<05:12,  1.68it/s, accuracy=67.1]
 35%|███▍      | 277/800 [02:38<05:06,  1.71it/s, accuracy=67.1]
 35%|███▍      | 277/800 [02:39<05:06,  1.71it/s, accuracy=67.1]
 35%|███▍      | 278/800 [02:39<05:01,  1.73it/s, accuracy=67.1]
 35%|███▍      | 278/800 [02:39<05:01,  1.73it/s, accuracy=67.1]
 35%|███▍      | 279/800 [02:39<04:58,  1.75it/s, accuracy=67.1]
 35%|███▍      | 279/800 [02:40<04:58,  1.75it/s, accuracy=67.1]
 35%|███▌      | 280/800 [02:40<04:55,  1.76it/s, accuracy=67.1]
 35%|███▌      | 280/800 [02:40<04:55,  1.76it/s, accuracy=67.2]
 35%|███▌      | 281/800 [02:40<04:53,  1.77it/s, accuracy=67.2]
 35%|███▌      | 281/800 [02:41<04:53,  1.77it/s, accuracy=67.1]
 35%|███▌      | 282/800 [02:41<04:56,  1.74it/s, accuracy=67.1]
 35%|███▌      | 282/800 [02:42<04:56,  1.74it/s, accuracy=67.1]
 35%|███▌      | 283/800 [02:42<05:29,  1.57it/s, accuracy=67.1]
 35%|███▌      | 283/800 [02:42<05:29,  1.57it/s, accuracy=67.1]
 36%|███▌      | 284/800 [02:42<05:18,  1.62it/s, accuracy=67.1]
 36%|███▌      | 284/800 [02:43<05:18,  1.62it/s, accuracy=67.1]
 36%|███▌      | 285/800 [02:43<05:12,  1.65it/s, accuracy=67.1]
 36%|███▌      | 285/800 [02:44<05:12,  1.65it/s, accuracy=67.1]
 36%|███▌      | 286/800 [02:44<05:19,  1.61it/s, accuracy=67.1]
 36%|███▌      | 286/800 [02:44<05:19,  1.61it/s, accuracy=67.1]
 36%|███▌      | 287/800 [02:44<05:11,  1.65it/s, accuracy=67.1]
 36%|███▌      | 287/800 [02:45<05:11,  1.65it/s, accuracy=67.1]
 36%|███▌      | 288/800 [02:45<05:11,  1.65it/s, accuracy=67.1]
 36%|███▌      | 288/800 [02:46<05:11,  1.65it/s, accuracy=67.1]
 36%|███▌      | 289/800 [02:46<05:27,  1.56it/s, accuracy=67.1]
 36%|███▌      | 289/800 [02:46<05:27,  1.56it/s, accuracy=67.1]
 36%|███▋      | 290/800 [02:46<05:16,  1.61it/s, accuracy=67.1]
 36%|███▋      | 290/800 [02:47<05:16,  1.61it/s, accuracy=67.1]
 36%|███▋      | 291/800 [02:47<05:08,  1.65it/s, accuracy=67.1]
 36%|███▋      | 291/800 [02:47<05:08,  1.65it/s, accuracy=67.1]
 36%|███▋      | 292/800 [02:47<05:01,  1.68it/s, accuracy=67.1]
 36%|███▋      | 292/800 [02:48<05:01,  1.68it/s, accuracy=67.1]
 37%|███▋      | 293/800 [02:48<04:56,  1.71it/s, accuracy=67.1]
 37%|███▋      | 293/800 [02:48<04:56,  1.71it/s, accuracy=67.1]
 37%|███▋      | 294/800 [02:48<04:52,  1.73it/s, accuracy=67.1]
 37%|███▋      | 294/800 [02:49<04:52,  1.73it/s, accuracy=67.1]
 37%|███▋      | 295/800 [02:49<04:58,  1.69it/s, accuracy=67.1]
 37%|███▋      | 296/800 [02:49<04:55,  1.70it/s, accuracy=67.1]
 98%|█████████▊| 787/800 [07:42<00:08,  1.50it/s, accuracy=66.9]
 98%|█████████▊| 788/800 [07:42<00:07,  1.52it/s, accuracy=66.9]
 98%|█████████▊| 788/800 [07:42<00:07,  1.52it/s, accuracy=66.9]
 99%|█████████▊| 789/800 [07:42<00:07,  1.56it/s, accuracy=66.9]
 99%|█████████▊| 789/800 [07:43<00:07,  1.56it/s, accuracy=66.9]
 99%|█████████▉| 790/800 [07:43<00:06,  1.61it/s, accuracy=66.9]
 99%|█████████▉| 790/800 [07:44<00:06,  1.61it/s, accuracy=66.9]
 99%|█████████▉| 791/800 [07:44<00:05,  1.64it/s, accuracy=66.9]
 99%|█████████▉| 791/800 [07:44<00:05,  1.64it/s, accuracy=66.9]
 99%|█████████▉| 792/800 [07:44<00:04,  1.68it/s, accuracy=66.9]
 99%|█████████▉| 792/800 [07:45<00:04,  1.68it/s, accuracy=66.9]
 99%|█████████▉| 793/800 [07:45<00:04,  1.68it/s, accuracy=66.9]
 99%|█████████▉| 793/800 [07:46<00:04,  1.68it/s, accuracy=66.9]
 99%|█████████▉| 794/800 [07:46<00:03,  1.58it/s, accuracy=66.9]
 99%|█████████▉| 794/800 [07:46<00:03,  1.58it/s, accuracy=66.9]
 99%|█████████▉| 795/800 [07:46<00:03,  1.63it/s, accuracy=66.9]
 99%|█████████▉| 795/800 [07:47<00:03,  1.63it/s, accuracy=66.9]
100%|█████████▉| 796/800 [07:47<00:02,  1.67it/s, accuracy=66.9]
100%|█████████▉| 796/800 [07:47<00:02,  1.67it/s, accuracy=66.9]
100%|█████████▉| 797/800 [07:47<00:01,  1.71it/s, accuracy=66.9]
100%|█████████▉| 797/800 [07:48<00:01,  1.71it/s, accuracy=66.9]
100%|█████████▉| 798/800 [07:48<00:01,  1.73it/s, accuracy=66.9]
100%|█████████▉| 798/800 [07:48<00:01,  1.73it/s, accuracy=66.9]
100%|█████████▉| 799/800 [07:48<00:00,  1.75it/s, accuracy=66.9]
100%|█████████▉| 799/800 [07:49<00:00,  1.75it/s, accuracy=66.9]
100%|██████████| 800/800 [07:49<00:00,  1.76it/s, accuracy=66.9]
100%|██████████| 800/800 [07:49<00:00,  1.70it/s, accuracy=66.9]
Final CC-Neg accuracy: 66.92%
